2023-04-20 16:27:46.2046||DEBUG|App.Api.Program|init main |url: |action: 
2023-04-20 16:31:26.1067||DEBUG|App.Api.Program|init main |url: |action: 
2023-04-20 16:31:40.0079||INFO|IdentityServer4.Startup|Starting IdentityServer4 version 4.1.1+cebd52f5bc61bdefc262fd20739d4d087c6f961f |url: |action: 
2023-04-20 16:31:40.0565||INFO|IdentityServer4.Startup|Using the default authentication scheme oidc for IdentityServer |url: |action: 
2023-04-20 16:31:40.0565||DEBUG|IdentityServer4.Startup|Using oidc as default ASP.NET Core scheme for authentication |url: |action: 
2023-04-20 16:31:40.0565||DEBUG|IdentityServer4.Startup|Using oidc as default ASP.NET Core scheme for sign-in |url: |action: 
2023-04-20 16:31:40.0565||DEBUG|IdentityServer4.Startup|Using oidc as default ASP.NET Core scheme for sign-out |url: |action: 
2023-04-20 16:31:40.0565||DEBUG|IdentityServer4.Startup|Using oidc as default ASP.NET Core scheme for challenge |url: |action: 
2023-04-20 16:31:40.0686||DEBUG|IdentityServer4.Startup|Using oidc as default ASP.NET Core scheme for forbid |url: |action: 
2023-04-20 16:31:43.9195||DEBUG|IdentityServer4.Startup|Login Url: /Account/Login |url: https://localhost/|action: Index
2023-04-20 16:31:43.9275||DEBUG|IdentityServer4.Startup|Login Return Url Parameter: ReturnUrl |url: https://localhost/|action: Index
2023-04-20 16:31:43.9275||DEBUG|IdentityServer4.Startup|Logout Url: /Account/Logout |url: https://localhost/|action: Index
2023-04-20 16:31:43.9275||DEBUG|IdentityServer4.Startup|ConsentUrl Url: /consent |url: https://localhost/|action: Index
2023-04-20 16:31:43.9275||DEBUG|IdentityServer4.Startup|Consent Return Url Parameter: returnUrl |url: https://localhost/|action: Index
2023-04-20 16:31:43.9275||DEBUG|IdentityServer4.Startup|Error Url: /home/error |url: https://localhost/|action: Index
2023-04-20 16:31:43.9275||DEBUG|IdentityServer4.Startup|Error Id Parameter: errorId |url: https://localhost/|action: Index
2023-04-20 16:33:49.9184||DEBUG|IdentityServer4.Hosting.CorsPolicyProvider|CORS request made for path: /api/link-GC_LICH_HANG_NGAY/ from origin: http://localhost:8087 but was ignored because path was not for an allowed IdentityServer CORS endpoint |url: http://localhost/api/link-GC_LICH_HANG_NGAY/|action: Get
2023-04-20 16:33:51.6148||DEBUG|IdentityServer4.Hosting.CorsPolicyProvider|CORS request made for path: /connect/token from origin: http://localhost:8087 |url: http://localhost/connect/token|action: 
2023-04-20 16:33:51.6754||DEBUG|IdentityServer4.Hosting.CorsPolicyProvider|CORS request made for path: /api/link-GC_LICH_HANG_NGAY/ from origin: http://localhost:8087 but was ignored because path was not for an allowed IdentityServer CORS endpoint |url: http://localhost/api/link-GC_LICH_HANG_NGAY/|action: Get
2023-04-20 16:33:52.0997||DEBUG|IdentityServer4.EntityFramework.Services.CorsPolicyService|Origin http://localhost:8087 is allowed: True |url: http://localhost/connect/token|action: 
2023-04-20 16:33:52.0997||DEBUG|IdentityServer4.Hosting.CorsPolicyProvider|CorsPolicyService allowed origin: http://localhost:8087 |url: http://localhost/connect/token|action: 
2023-04-20 16:33:52.0997||DEBUG|IdentityServer4.Hosting.EndpointRouter|Request path /connect/token matched to endpoint type Token |url: http://localhost/connect/token|action: 
2023-04-20 16:33:52.2602||DEBUG|IdentityServer4.Hosting.EndpointRouter|Endpoint enabled: Token, successfully created handler: IdentityServer4.Endpoints.TokenEndpoint |url: http://localhost/connect/token|action: 
2023-04-20 16:33:52.2602||INFO|IdentityServer4.Hosting.IdentityServerMiddleware|Invoking IdentityServer endpoint: IdentityServer4.Endpoints.TokenEndpoint for /connect/token |url: http://localhost/connect/token|action: 
2023-04-20 16:33:52.2892||DEBUG|IdentityServer4.Endpoints.TokenEndpoint|Start token request. |url: http://localhost/connect/token|action: 
2023-04-20 16:33:52.3062||DEBUG|IdentityServer4.Validation.ClientSecretValidator|Start client validation |url: http://localhost/connect/token|action: 
2023-04-20 16:33:52.3256||DEBUG|IdentityServer4.Validation.BasicAuthenticationSecretParser|Start parsing Basic Authentication secret |url: http://localhost/connect/token|action: 
2023-04-20 16:33:52.3350||DEBUG|IdentityServer4.Validation.PostBodySecretParser|Start parsing for secret in post body |url: http://localhost/connect/token|action: 
2023-04-20 16:33:52.3531||DEBUG|IdentityServer4.Validation.PostBodySecretParser|client id without secret found |url: http://localhost/connect/token|action: 
2023-04-20 16:33:52.3531||DEBUG|IdentityServer4.Validation.ISecretsListParser|Parser found secret: PostBodySecretParser |url: http://localhost/connect/token|action: 
2023-04-20 16:33:52.3531||DEBUG|IdentityServer4.Validation.ISecretsListParser|Secret id found: VPKHCN |url: http://localhost/connect/token|action: 
2023-04-20 16:33:53.5419||DEBUG|IdentityServer4.EntityFramework.Stores.ClientStore|VPKHCN found in database: True |url: http://localhost/connect/token|action: 
2023-04-20 16:33:53.5587||DEBUG|IdentityServer4.Stores.ValidatingClientStore|client configuration validation for client VPKHCN succeeded. |url: http://localhost/connect/token|action: 
2023-04-20 16:33:53.7041||DEBUG|IdentityServer4.Validation.HashedSharedSecretValidator|Hashed shared secret validator cannot process NoSecret |url: http://localhost/connect/token|action: 
2023-04-20 16:33:53.7041||DEBUG|IdentityServer4.Validation.ISecretsListValidator|Secret validators could not validate secret |url: http://localhost/connect/token|action: 
2023-04-20 16:33:53.7216||INFO|IdentityServer4.Events.DefaultEventService|{"ClientId":"VPKHCN", "Category":"Authentication", "Name":"Client Authentication Failure", "EventType":"Failure", "Id":1011, "Message":"Invalid client secret", "ActivityId":"0HMQ1G86F4GHU:00000005", "TimeStamp":"2023-04-20T09:33:53Z", "ProcessId":9720, "LocalIpAddress":"::1:5000", "RemoteIpAddress":"::1"} |url: http://localhost/connect/token|action: 
2023-04-20 16:33:53.7748||ERROR|IdentityServer4.Validation.ClientSecretValidator|Client secret validation failed for client: VPKHCN. |url: http://localhost/connect/token|action: 
2023-04-20 16:34:01.4432||DEBUG|IdentityServer4.Hosting.CorsPolicyProvider|CORS request made for path: /api/link-GC_LICH_HANG_NGAY/ from origin: http://localhost:8087 but was ignored because path was not for an allowed IdentityServer CORS endpoint |url: http://localhost/api/link-GC_LICH_HANG_NGAY/|action: Get
2023-04-20 16:34:01.4744||DEBUG|IdentityServer4.Hosting.CorsPolicyProvider|CORS request made for path: /api/link-GC_LICH_HANG_NGAY/ from origin: http://localhost:8087 but was ignored because path was not for an allowed IdentityServer CORS endpoint |url: http://localhost/api/link-GC_LICH_HANG_NGAY/|action: Get
2023-04-20 16:34:01.5368||DEBUG|IdentityServer4.Hosting.CorsPolicyProvider|CORS request made for path: /connect/token from origin: http://localhost:8087 |url: http://localhost/connect/token|action: 
2023-04-20 16:34:01.5549||DEBUG|IdentityServer4.EntityFramework.Services.CorsPolicyService|Origin http://localhost:8087 is allowed: True |url: http://localhost/connect/token|action: 
2023-04-20 16:34:01.5549||DEBUG|IdentityServer4.Hosting.CorsPolicyProvider|CorsPolicyService allowed origin: http://localhost:8087 |url: http://localhost/connect/token|action: 
2023-04-20 16:34:01.5549||DEBUG|IdentityServer4.Hosting.EndpointRouter|Request path /connect/token matched to endpoint type Token |url: http://localhost/connect/token|action: 
2023-04-20 16:34:01.6806||DEBUG|IdentityServer4.Hosting.EndpointRouter|Endpoint enabled: Token, successfully created handler: IdentityServer4.Endpoints.TokenEndpoint |url: http://localhost/connect/token|action: 
2023-04-20 16:34:01.6806||INFO|IdentityServer4.Hosting.IdentityServerMiddleware|Invoking IdentityServer endpoint: IdentityServer4.Endpoints.TokenEndpoint for /connect/token |url: http://localhost/connect/token|action: 
2023-04-20 16:34:01.6806||DEBUG|IdentityServer4.Endpoints.TokenEndpoint|Start token request. |url: http://localhost/connect/token|action: 
2023-04-20 16:34:01.6956||DEBUG|IdentityServer4.Validation.ClientSecretValidator|Start client validation |url: http://localhost/connect/token|action: 
2023-04-20 16:34:01.6956||DEBUG|IdentityServer4.Validation.BasicAuthenticationSecretParser|Start parsing Basic Authentication secret |url: http://localhost/connect/token|action: 
2023-04-20 16:34:01.6956||DEBUG|IdentityServer4.Validation.PostBodySecretParser|Start parsing for secret in post body |url: http://localhost/connect/token|action: 
2023-04-20 16:34:01.7243||DEBUG|IdentityServer4.Validation.PostBodySecretParser|client id without secret found |url: http://localhost/connect/token|action: 
2023-04-20 16:34:01.7482||DEBUG|IdentityServer4.Validation.ISecretsListParser|Parser found secret: PostBodySecretParser |url: http://localhost/connect/token|action: 
2023-04-20 16:34:01.7482||DEBUG|IdentityServer4.Validation.ISecretsListParser|Secret id found: VPKHCN |url: http://localhost/connect/token|action: 
2023-04-20 16:34:01.8187||DEBUG|IdentityServer4.EntityFramework.Stores.ClientStore|VPKHCN found in database: True |url: http://localhost/connect/token|action: 
2023-04-20 16:34:01.8343||DEBUG|IdentityServer4.Stores.ValidatingClientStore|client configuration validation for client VPKHCN succeeded. |url: http://localhost/connect/token|action: 
2023-04-20 16:34:01.8343||DEBUG|IdentityServer4.Validation.HashedSharedSecretValidator|Hashed shared secret validator cannot process NoSecret |url: http://localhost/connect/token|action: 
2023-04-20 16:34:01.8343||DEBUG|IdentityServer4.Validation.ISecretsListValidator|Secret validators could not validate secret |url: http://localhost/connect/token|action: 
2023-04-20 16:34:01.8343||INFO|IdentityServer4.Events.DefaultEventService|{"ClientId":"VPKHCN", "Category":"Authentication", "Name":"Client Authentication Failure", "EventType":"Failure", "Id":1011, "Message":"Invalid client secret", "ActivityId":"0HMQ1G86F4GHU:0000000A", "TimeStamp":"2023-04-20T09:34:01Z", "ProcessId":9720, "LocalIpAddress":"::1:5000", "RemoteIpAddress":"::1"} |url: http://localhost/connect/token|action: 
2023-04-20 16:34:01.8662||ERROR|IdentityServer4.Validation.ClientSecretValidator|Client secret validation failed for client: VPKHCN. |url: http://localhost/connect/token|action: 
2023-04-20 16:34:24.9617||DEBUG|IdentityServer4.Hosting.CorsPolicyProvider|CORS request made for path: /api/link-GC_LICH_HANG_NGAY/ from origin: http://localhost:8087 but was ignored because path was not for an allowed IdentityServer CORS endpoint |url: http://localhost/api/link-GC_LICH_HANG_NGAY/|action: Get
2023-04-20 16:34:25.0112||DEBUG|IdentityServer4.Hosting.CorsPolicyProvider|CORS request made for path: /api/link-GC_LICH_HANG_NGAY/ from origin: http://localhost:8087 but was ignored because path was not for an allowed IdentityServer CORS endpoint |url: http://localhost/api/link-GC_LICH_HANG_NGAY/|action: Get
2023-04-20 16:34:25.0695||DEBUG|IdentityServer4.Hosting.CorsPolicyProvider|CORS request made for path: /connect/token from origin: http://localhost:8087 |url: http://localhost/connect/token|action: 
2023-04-20 16:34:25.0880||DEBUG|IdentityServer4.EntityFramework.Services.CorsPolicyService|Origin http://localhost:8087 is allowed: True |url: http://localhost/connect/token|action: 
2023-04-20 16:34:25.0880||DEBUG|IdentityServer4.Hosting.CorsPolicyProvider|CorsPolicyService allowed origin: http://localhost:8087 |url: http://localhost/connect/token|action: 
2023-04-20 16:34:25.0880||DEBUG|IdentityServer4.Hosting.EndpointRouter|Request path /connect/token matched to endpoint type Token |url: http://localhost/connect/token|action: 
2023-04-20 16:34:25.2263||DEBUG|IdentityServer4.Hosting.EndpointRouter|Endpoint enabled: Token, successfully created handler: IdentityServer4.Endpoints.TokenEndpoint |url: http://localhost/connect/token|action: 
2023-04-20 16:34:25.2263||INFO|IdentityServer4.Hosting.IdentityServerMiddleware|Invoking IdentityServer endpoint: IdentityServer4.Endpoints.TokenEndpoint for /connect/token |url: http://localhost/connect/token|action: 
2023-04-20 16:34:25.2263||DEBUG|IdentityServer4.Endpoints.TokenEndpoint|Start token request. |url: http://localhost/connect/token|action: 
2023-04-20 16:34:25.2263||DEBUG|IdentityServer4.Validation.ClientSecretValidator|Start client validation |url: http://localhost/connect/token|action: 
2023-04-20 16:34:25.2263||DEBUG|IdentityServer4.Validation.BasicAuthenticationSecretParser|Start parsing Basic Authentication secret |url: http://localhost/connect/token|action: 
2023-04-20 16:34:25.2263||DEBUG|IdentityServer4.Validation.PostBodySecretParser|Start parsing for secret in post body |url: http://localhost/connect/token|action: 
2023-04-20 16:34:25.2413||DEBUG|IdentityServer4.Validation.PostBodySecretParser|client id without secret found |url: http://localhost/connect/token|action: 
2023-04-20 16:34:25.2413||DEBUG|IdentityServer4.Validation.ISecretsListParser|Parser found secret: PostBodySecretParser |url: http://localhost/connect/token|action: 
2023-04-20 16:34:25.2413||DEBUG|IdentityServer4.Validation.ISecretsListParser|Secret id found: VPKHCN |url: http://localhost/connect/token|action: 
2023-04-20 16:34:25.6321||DEBUG|IdentityServer4.EntityFramework.Stores.ClientStore|VPKHCN found in database: True |url: http://localhost/connect/token|action: 
2023-04-20 16:34:25.6321||DEBUG|IdentityServer4.Stores.ValidatingClientStore|client configuration validation for client VPKHCN succeeded. |url: http://localhost/connect/token|action: 
2023-04-20 16:34:25.6321||DEBUG|IdentityServer4.Validation.HashedSharedSecretValidator|Hashed shared secret validator cannot process NoSecret |url: http://localhost/connect/token|action: 
2023-04-20 16:34:25.6480||DEBUG|IdentityServer4.Validation.ISecretsListValidator|Secret validators could not validate secret |url: http://localhost/connect/token|action: 
2023-04-20 16:34:25.6480||INFO|IdentityServer4.Events.DefaultEventService|{"ClientId":"VPKHCN", "Category":"Authentication", "Name":"Client Authentication Failure", "EventType":"Failure", "Id":1011, "Message":"Invalid client secret", "ActivityId":"0HMQ1G86F4GHV:00000007", "TimeStamp":"2023-04-20T09:34:25Z", "ProcessId":9720, "LocalIpAddress":"::1:5000", "RemoteIpAddress":"::1"} |url: http://localhost/connect/token|action: 
2023-04-20 16:34:25.6480||ERROR|IdentityServer4.Validation.ClientSecretValidator|Client secret validation failed for client: VPKHCN. |url: http://localhost/connect/token|action: 
2023-04-20 16:34:51.1856||DEBUG|IdentityServer4.Hosting.CorsPolicyProvider|CORS request made for path: /api/link-GC_LICH_HANG_NGAY/ from origin: http://localhost:8087 but was ignored because path was not for an allowed IdentityServer CORS endpoint |url: http://localhost/api/link-GC_LICH_HANG_NGAY/|action: Get
2023-04-20 16:34:51.2420||DEBUG|IdentityServer4.Hosting.CorsPolicyProvider|CORS request made for path: /api/link-GC_LICH_HANG_NGAY/ from origin: http://localhost:8087 but was ignored because path was not for an allowed IdentityServer CORS endpoint |url: http://localhost/api/link-GC_LICH_HANG_NGAY/|action: Get
2023-04-20 16:34:51.4115||DEBUG|IdentityServer4.Hosting.CorsPolicyProvider|CORS request made for path: /connect/token from origin: http://localhost:8087 |url: http://localhost/connect/token|action: 
2023-04-20 16:34:51.4322||DEBUG|IdentityServer4.EntityFramework.Services.CorsPolicyService|Origin http://localhost:8087 is allowed: True |url: http://localhost/connect/token|action: 
2023-04-20 16:34:51.4322||DEBUG|IdentityServer4.Hosting.CorsPolicyProvider|CorsPolicyService allowed origin: http://localhost:8087 |url: http://localhost/connect/token|action: 
2023-04-20 16:34:51.4322||DEBUG|IdentityServer4.Hosting.EndpointRouter|Request path /connect/token matched to endpoint type Token |url: http://localhost/connect/token|action: 
2023-04-20 16:34:51.5354||DEBUG|IdentityServer4.Hosting.EndpointRouter|Endpoint enabled: Token, successfully created handler: IdentityServer4.Endpoints.TokenEndpoint |url: http://localhost/connect/token|action: 
2023-04-20 16:34:51.5377||INFO|IdentityServer4.Hosting.IdentityServerMiddleware|Invoking IdentityServer endpoint: IdentityServer4.Endpoints.TokenEndpoint for /connect/token |url: http://localhost/connect/token|action: 
2023-04-20 16:34:51.5377||DEBUG|IdentityServer4.Endpoints.TokenEndpoint|Start token request. |url: http://localhost/connect/token|action: 
2023-04-20 16:34:51.5377||DEBUG|IdentityServer4.Validation.ClientSecretValidator|Start client validation |url: http://localhost/connect/token|action: 
2023-04-20 16:34:51.5377||DEBUG|IdentityServer4.Validation.BasicAuthenticationSecretParser|Start parsing Basic Authentication secret |url: http://localhost/connect/token|action: 
2023-04-20 16:34:51.5377||DEBUG|IdentityServer4.Validation.PostBodySecretParser|Start parsing for secret in post body |url: http://localhost/connect/token|action: 
2023-04-20 16:34:51.5377||DEBUG|IdentityServer4.Validation.PostBodySecretParser|client id without secret found |url: http://localhost/connect/token|action: 
2023-04-20 16:34:51.5532||DEBUG|IdentityServer4.Validation.ISecretsListParser|Parser found secret: PostBodySecretParser |url: http://localhost/connect/token|action: 
2023-04-20 16:34:51.5532||DEBUG|IdentityServer4.Validation.ISecretsListParser|Secret id found: VPKHCN |url: http://localhost/connect/token|action: 
2023-04-20 16:34:51.7102||DEBUG|IdentityServer4.EntityFramework.Stores.ClientStore|VPKHCN found in database: True |url: http://localhost/connect/token|action: 
2023-04-20 16:34:51.7102||DEBUG|IdentityServer4.Stores.ValidatingClientStore|client configuration validation for client VPKHCN succeeded. |url: http://localhost/connect/token|action: 
2023-04-20 16:34:51.7102||DEBUG|IdentityServer4.Validation.HashedSharedSecretValidator|Hashed shared secret validator cannot process NoSecret |url: http://localhost/connect/token|action: 
2023-04-20 16:34:51.7102||DEBUG|IdentityServer4.Validation.ISecretsListValidator|Secret validators could not validate secret |url: http://localhost/connect/token|action: 
2023-04-20 16:34:51.7102||INFO|IdentityServer4.Events.DefaultEventService|{"ClientId":"VPKHCN", "Category":"Authentication", "Name":"Client Authentication Failure", "EventType":"Failure", "Id":1011, "Message":"Invalid client secret", "ActivityId":"0HMQ1G86F4GHV:0000000C", "TimeStamp":"2023-04-20T09:34:51Z", "ProcessId":9720, "LocalIpAddress":"::1:5000", "RemoteIpAddress":"::1"} |url: http://localhost/connect/token|action: 
2023-04-20 16:34:51.7102||ERROR|IdentityServer4.Validation.ClientSecretValidator|Client secret validation failed for client: VPKHCN. |url: http://localhost/connect/token|action: 
2023-04-20 16:35:35.6374||DEBUG|IdentityServer4.Hosting.CorsPolicyProvider|CORS request made for path: /api/link-GC_LICH_HANG_NGAY/ from origin: http://localhost:8087 but was ignored because path was not for an allowed IdentityServer CORS endpoint |url: http://localhost/api/link-GC_LICH_HANG_NGAY/|action: Get
2023-04-20 16:35:35.6842||DEBUG|IdentityServer4.Hosting.CorsPolicyProvider|CORS request made for path: /api/link-GC_LICH_HANG_NGAY/ from origin: http://localhost:8087 but was ignored because path was not for an allowed IdentityServer CORS endpoint |url: http://localhost/api/link-GC_LICH_HANG_NGAY/|action: Get
2023-04-20 16:35:35.8901||DEBUG|IdentityServer4.Hosting.CorsPolicyProvider|CORS request made for path: /connect/token from origin: http://localhost:8087 |url: http://localhost/connect/token|action: 
2023-04-20 16:35:35.9102||DEBUG|IdentityServer4.EntityFramework.Services.CorsPolicyService|Origin http://localhost:8087 is allowed: True |url: http://localhost/connect/token|action: 
2023-04-20 16:35:35.9172||DEBUG|IdentityServer4.Hosting.CorsPolicyProvider|CorsPolicyService allowed origin: http://localhost:8087 |url: http://localhost/connect/token|action: 
2023-04-20 16:35:35.9172||DEBUG|IdentityServer4.Hosting.EndpointRouter|Request path /connect/token matched to endpoint type Token |url: http://localhost/connect/token|action: 
2023-04-20 16:35:35.9955||DEBUG|IdentityServer4.Hosting.EndpointRouter|Endpoint enabled: Token, successfully created handler: IdentityServer4.Endpoints.TokenEndpoint |url: http://localhost/connect/token|action: 
2023-04-20 16:35:35.9955||INFO|IdentityServer4.Hosting.IdentityServerMiddleware|Invoking IdentityServer endpoint: IdentityServer4.Endpoints.TokenEndpoint for /connect/token |url: http://localhost/connect/token|action: 
2023-04-20 16:35:35.9955||DEBUG|IdentityServer4.Endpoints.TokenEndpoint|Start token request. |url: http://localhost/connect/token|action: 
2023-04-20 16:35:36.0047||DEBUG|IdentityServer4.Validation.ClientSecretValidator|Start client validation |url: http://localhost/connect/token|action: 
2023-04-20 16:35:36.0047||DEBUG|IdentityServer4.Validation.BasicAuthenticationSecretParser|Start parsing Basic Authentication secret |url: http://localhost/connect/token|action: 
2023-04-20 16:35:36.0047||DEBUG|IdentityServer4.Validation.PostBodySecretParser|Start parsing for secret in post body |url: http://localhost/connect/token|action: 
2023-04-20 16:35:36.0047||DEBUG|IdentityServer4.Validation.PostBodySecretParser|client id without secret found |url: http://localhost/connect/token|action: 
2023-04-20 16:35:36.0047||DEBUG|IdentityServer4.Validation.ISecretsListParser|Parser found secret: PostBodySecretParser |url: http://localhost/connect/token|action: 
2023-04-20 16:35:36.0219||DEBUG|IdentityServer4.Validation.ISecretsListParser|Secret id found: VPKHCN |url: http://localhost/connect/token|action: 
2023-04-20 16:35:36.1258||DEBUG|IdentityServer4.EntityFramework.Stores.ClientStore|VPKHCN found in database: True |url: http://localhost/connect/token|action: 
2023-04-20 16:35:36.1325||DEBUG|IdentityServer4.Stores.ValidatingClientStore|client configuration validation for client VPKHCN succeeded. |url: http://localhost/connect/token|action: 
2023-04-20 16:35:36.1325||DEBUG|IdentityServer4.Validation.HashedSharedSecretValidator|Hashed shared secret validator cannot process NoSecret |url: http://localhost/connect/token|action: 
2023-04-20 16:35:36.1527||DEBUG|IdentityServer4.Validation.ISecretsListValidator|Secret validators could not validate secret |url: http://localhost/connect/token|action: 
2023-04-20 16:35:36.1527||INFO|IdentityServer4.Events.DefaultEventService|{"ClientId":"VPKHCN", "Category":"Authentication", "Name":"Client Authentication Failure", "EventType":"Failure", "Id":1011, "Message":"Invalid client secret", "ActivityId":"0HMQ1G86F4GHV:00000011", "TimeStamp":"2023-04-20T09:35:36Z", "ProcessId":9720, "LocalIpAddress":"::1:5000", "RemoteIpAddress":"::1"} |url: http://localhost/connect/token|action: 
2023-04-20 16:35:36.1527||ERROR|IdentityServer4.Validation.ClientSecretValidator|Client secret validation failed for client: VPKHCN. |url: http://localhost/connect/token|action: 
2023-04-20 16:35:56.9836||DEBUG|IdentityServer4.Hosting.CorsPolicyProvider|CORS request made for path: /api/link-GC_LICH_HANG_NGAY/ from origin: http://localhost:8087 but was ignored because path was not for an allowed IdentityServer CORS endpoint |url: http://localhost/api/link-GC_LICH_HANG_NGAY/|action: Get
2023-04-20 16:35:57.0864||DEBUG|IdentityServer4.Hosting.CorsPolicyProvider|CORS request made for path: /api/link-GC_LICH_HANG_NGAY/ from origin: http://localhost:8087 but was ignored because path was not for an allowed IdentityServer CORS endpoint |url: http://localhost/api/link-GC_LICH_HANG_NGAY/|action: Get
2023-04-20 16:35:57.2587||DEBUG|IdentityServer4.Hosting.CorsPolicyProvider|CORS request made for path: /connect/token from origin: http://localhost:8087 |url: http://localhost/connect/token|action: 
2023-04-20 16:35:57.3760||DEBUG|IdentityServer4.EntityFramework.Services.CorsPolicyService|Origin http://localhost:8087 is allowed: True |url: http://localhost/connect/token|action: 
2023-04-20 16:35:57.3760||DEBUG|IdentityServer4.Hosting.CorsPolicyProvider|CorsPolicyService allowed origin: http://localhost:8087 |url: http://localhost/connect/token|action: 
2023-04-20 16:35:57.3968||DEBUG|IdentityServer4.Hosting.EndpointRouter|Request path /connect/token matched to endpoint type Token |url: http://localhost/connect/token|action: 
2023-04-20 16:35:57.5386||DEBUG|IdentityServer4.Hosting.EndpointRouter|Endpoint enabled: Token, successfully created handler: IdentityServer4.Endpoints.TokenEndpoint |url: http://localhost/connect/token|action: 
2023-04-20 16:35:57.5386||INFO|IdentityServer4.Hosting.IdentityServerMiddleware|Invoking IdentityServer endpoint: IdentityServer4.Endpoints.TokenEndpoint for /connect/token |url: http://localhost/connect/token|action: 
2023-04-20 16:35:57.5386||DEBUG|IdentityServer4.Endpoints.TokenEndpoint|Start token request. |url: http://localhost/connect/token|action: 
2023-04-20 16:35:57.5386||DEBUG|IdentityServer4.Validation.ClientSecretValidator|Start client validation |url: http://localhost/connect/token|action: 
2023-04-20 16:35:57.5386||DEBUG|IdentityServer4.Validation.BasicAuthenticationSecretParser|Start parsing Basic Authentication secret |url: http://localhost/connect/token|action: 
2023-04-20 16:35:57.5528||DEBUG|IdentityServer4.Validation.PostBodySecretParser|Start parsing for secret in post body |url: http://localhost/connect/token|action: 
2023-04-20 16:35:57.5528||DEBUG|IdentityServer4.Validation.PostBodySecretParser|client id without secret found |url: http://localhost/connect/token|action: 
2023-04-20 16:35:57.5528||DEBUG|IdentityServer4.Validation.ISecretsListParser|Parser found secret: PostBodySecretParser |url: http://localhost/connect/token|action: 
2023-04-20 16:35:57.5528||DEBUG|IdentityServer4.Validation.ISecretsListParser|Secret id found: VPKHCN |url: http://localhost/connect/token|action: 
2023-04-20 16:35:57.7741||DEBUG|IdentityServer4.EntityFramework.Stores.ClientStore|VPKHCN found in database: True |url: http://localhost/connect/token|action: 
2023-04-20 16:35:57.7878||DEBUG|IdentityServer4.Stores.ValidatingClientStore|client configuration validation for client VPKHCN succeeded. |url: http://localhost/connect/token|action: 
2023-04-20 16:35:57.7878||DEBUG|IdentityServer4.Validation.HashedSharedSecretValidator|Hashed shared secret validator cannot process NoSecret |url: http://localhost/connect/token|action: 
2023-04-20 16:35:57.7878||DEBUG|IdentityServer4.Validation.ISecretsListValidator|Secret validators could not validate secret |url: http://localhost/connect/token|action: 
2023-04-20 16:35:57.7878||INFO|IdentityServer4.Events.DefaultEventService|{"ClientId":"VPKHCN", "Category":"Authentication", "Name":"Client Authentication Failure", "EventType":"Failure", "Id":1011, "Message":"Invalid client secret", "ActivityId":"0HMQ1G86F4GI1:00000006", "TimeStamp":"2023-04-20T09:35:57Z", "ProcessId":9720, "LocalIpAddress":"::1:5000", "RemoteIpAddress":"::1"} |url: http://localhost/connect/token|action: 
2023-04-20 16:35:57.7878||ERROR|IdentityServer4.Validation.ClientSecretValidator|Client secret validation failed for client: VPKHCN. |url: http://localhost/connect/token|action: 
2023-04-20 16:36:13.5855||DEBUG|App.Api.Program|init main |url: |action: 
2023-04-20 16:36:28.5431||INFO|IdentityServer4.Startup|Starting IdentityServer4 version 4.1.1+cebd52f5bc61bdefc262fd20739d4d087c6f961f |url: |action: 
2023-04-20 16:36:28.6065||INFO|IdentityServer4.Startup|Using the default authentication scheme oidc for IdentityServer |url: |action: 
2023-04-20 16:36:28.6065||DEBUG|IdentityServer4.Startup|Using oidc as default ASP.NET Core scheme for authentication |url: |action: 
2023-04-20 16:36:28.6065||DEBUG|IdentityServer4.Startup|Using oidc as default ASP.NET Core scheme for sign-in |url: |action: 
2023-04-20 16:36:28.6065||DEBUG|IdentityServer4.Startup|Using oidc as default ASP.NET Core scheme for sign-out |url: |action: 
2023-04-20 16:36:28.6065||DEBUG|IdentityServer4.Startup|Using oidc as default ASP.NET Core scheme for challenge |url: |action: 
2023-04-20 16:36:28.6220||DEBUG|IdentityServer4.Startup|Using oidc as default ASP.NET Core scheme for forbid |url: |action: 
2023-04-20 16:36:32.0012||DEBUG|IdentityServer4.Startup|Login Url: /Account/Login |url: https://localhost/|action: Index
2023-04-20 16:36:32.0089||DEBUG|IdentityServer4.Startup|Login Return Url Parameter: ReturnUrl |url: https://localhost/|action: Index
2023-04-20 16:36:32.0089||DEBUG|IdentityServer4.Startup|Logout Url: /Account/Logout |url: https://localhost/|action: Index
2023-04-20 16:36:32.0089||DEBUG|IdentityServer4.Startup|ConsentUrl Url: /consent |url: https://localhost/|action: Index
2023-04-20 16:36:32.0089||DEBUG|IdentityServer4.Startup|Consent Return Url Parameter: returnUrl |url: https://localhost/|action: Index
2023-04-20 16:36:32.0089||DEBUG|IdentityServer4.Startup|Error Url: /home/error |url: https://localhost/|action: Index
2023-04-20 16:36:32.0089||DEBUG|IdentityServer4.Startup|Error Id Parameter: errorId |url: https://localhost/|action: Index
2023-04-20 16:36:42.6484||DEBUG|IdentityServer4.Hosting.CorsPolicyProvider|CORS request made for path: /api/link-GC_LICH_HANG_NGAY/ from origin: http://localhost:8087 but was ignored because path was not for an allowed IdentityServer CORS endpoint |url: http://localhost/api/link-GC_LICH_HANG_NGAY/|action: Get
2023-04-20 16:36:43.6897||DEBUG|IdentityServer4.Hosting.CorsPolicyProvider|CORS request made for path: /api/link-GC_LICH_HANG_NGAY/ from origin: http://localhost:8087 but was ignored because path was not for an allowed IdentityServer CORS endpoint |url: http://localhost/api/link-GC_LICH_HANG_NGAY/|action: Get
2023-04-20 16:36:43.7248||DEBUG|IdentityServer4.Hosting.CorsPolicyProvider|CORS request made for path: /connect/token from origin: http://localhost:8087 |url: http://localhost/connect/token|action: 
2023-04-20 16:36:44.2292||DEBUG|IdentityServer4.EntityFramework.Services.CorsPolicyService|Origin http://localhost:8087 is allowed: True |url: http://localhost/connect/token|action: 
2023-04-20 16:36:44.2292||DEBUG|IdentityServer4.Hosting.CorsPolicyProvider|CorsPolicyService allowed origin: http://localhost:8087 |url: http://localhost/connect/token|action: 
2023-04-20 16:36:44.2422||DEBUG|IdentityServer4.Hosting.EndpointRouter|Request path /connect/token matched to endpoint type Token |url: http://localhost/connect/token|action: 
2023-04-20 16:36:44.4628||DEBUG|IdentityServer4.Hosting.EndpointRouter|Endpoint enabled: Token, successfully created handler: IdentityServer4.Endpoints.TokenEndpoint |url: http://localhost/connect/token|action: 
2023-04-20 16:36:44.4628||INFO|IdentityServer4.Hosting.IdentityServerMiddleware|Invoking IdentityServer endpoint: IdentityServer4.Endpoints.TokenEndpoint for /connect/token |url: http://localhost/connect/token|action: 
2023-04-20 16:36:44.4864||DEBUG|IdentityServer4.Endpoints.TokenEndpoint|Start token request. |url: http://localhost/connect/token|action: 
2023-04-20 16:36:44.5053||DEBUG|IdentityServer4.Validation.ClientSecretValidator|Start client validation |url: http://localhost/connect/token|action: 
2023-04-20 16:36:44.5053||DEBUG|IdentityServer4.Validation.BasicAuthenticationSecretParser|Start parsing Basic Authentication secret |url: http://localhost/connect/token|action: 
2023-04-20 16:36:44.5280||DEBUG|IdentityServer4.Validation.PostBodySecretParser|Start parsing for secret in post body |url: http://localhost/connect/token|action: 
2023-04-20 16:36:44.5445||DEBUG|IdentityServer4.Validation.PostBodySecretParser|client id without secret found |url: http://localhost/connect/token|action: 
2023-04-20 16:36:44.5445||DEBUG|IdentityServer4.Validation.ISecretsListParser|Parser found secret: PostBodySecretParser |url: http://localhost/connect/token|action: 
2023-04-20 16:36:44.5524||DEBUG|IdentityServer4.Validation.ISecretsListParser|Secret id found: VPKHCN |url: http://localhost/connect/token|action: 
2023-04-20 16:36:45.9093||DEBUG|IdentityServer4.EntityFramework.Stores.ClientStore|VPKHCN found in database: True |url: http://localhost/connect/token|action: 
2023-04-20 16:36:45.9314||DEBUG|IdentityServer4.Stores.ValidatingClientStore|client configuration validation for client VPKHCN succeeded. |url: http://localhost/connect/token|action: 
2023-04-20 16:36:45.9619||DEBUG|IdentityServer4.Validation.HashedSharedSecretValidator|Hashed shared secret validator cannot process NoSecret |url: http://localhost/connect/token|action: 
2023-04-20 16:36:45.9619||DEBUG|IdentityServer4.Validation.ISecretsListValidator|Secret validators could not validate secret |url: http://localhost/connect/token|action: 
2023-04-20 16:36:45.9799||INFO|IdentityServer4.Events.DefaultEventService|{"ClientId":"VPKHCN", "Category":"Authentication", "Name":"Client Authentication Failure", "EventType":"Failure", "Id":1011, "Message":"Invalid client secret", "ActivityId":"0HMQ1GAS6JQOE:00000004", "TimeStamp":"2023-04-20T09:36:45Z", "ProcessId":21000, "LocalIpAddress":"::1:5000", "RemoteIpAddress":"::1"} |url: http://localhost/connect/token|action: 
2023-04-20 16:36:46.0414||ERROR|IdentityServer4.Validation.ClientSecretValidator|Client secret validation failed for client: VPKHCN. |url: http://localhost/connect/token|action: 
2023-04-20 16:37:13.5376||DEBUG|IdentityServer4.Hosting.CorsPolicyProvider|CORS request made for path: /api/link-GC_LICH_HANG_NGAY/ from origin: http://localhost:8087 but was ignored because path was not for an allowed IdentityServer CORS endpoint |url: http://localhost/api/link-GC_LICH_HANG_NGAY/|action: Get
2023-04-20 16:37:13.5838||DEBUG|IdentityServer4.Hosting.CorsPolicyProvider|CORS request made for path: /api/link-GC_LICH_HANG_NGAY/ from origin: http://localhost:8087 but was ignored because path was not for an allowed IdentityServer CORS endpoint |url: http://localhost/api/link-GC_LICH_HANG_NGAY/|action: Get
2023-04-20 16:37:13.6320||DEBUG|IdentityServer4.Hosting.CorsPolicyProvider|CORS request made for path: /connect/token from origin: http://localhost:8087 |url: http://localhost/connect/token|action: 
2023-04-20 16:37:13.6589||DEBUG|IdentityServer4.EntityFramework.Services.CorsPolicyService|Origin http://localhost:8087 is allowed: True |url: http://localhost/connect/token|action: 
2023-04-20 16:37:13.6633||DEBUG|IdentityServer4.Hosting.CorsPolicyProvider|CorsPolicyService allowed origin: http://localhost:8087 |url: http://localhost/connect/token|action: 
2023-04-20 16:37:13.6774||DEBUG|IdentityServer4.Hosting.EndpointRouter|Request path /connect/token matched to endpoint type Token |url: http://localhost/connect/token|action: 
2023-04-20 16:37:13.7962||DEBUG|IdentityServer4.Hosting.EndpointRouter|Endpoint enabled: Token, successfully created handler: IdentityServer4.Endpoints.TokenEndpoint |url: http://localhost/connect/token|action: 
2023-04-20 16:37:13.7962||INFO|IdentityServer4.Hosting.IdentityServerMiddleware|Invoking IdentityServer endpoint: IdentityServer4.Endpoints.TokenEndpoint for /connect/token |url: http://localhost/connect/token|action: 
2023-04-20 16:37:13.8031||DEBUG|IdentityServer4.Endpoints.TokenEndpoint|Start token request. |url: http://localhost/connect/token|action: 
2023-04-20 16:37:13.8031||DEBUG|IdentityServer4.Validation.ClientSecretValidator|Start client validation |url: http://localhost/connect/token|action: 
2023-04-20 16:37:13.8031||DEBUG|IdentityServer4.Validation.BasicAuthenticationSecretParser|Start parsing Basic Authentication secret |url: http://localhost/connect/token|action: 
2023-04-20 16:37:13.8031||DEBUG|IdentityServer4.Validation.PostBodySecretParser|Start parsing for secret in post body |url: http://localhost/connect/token|action: 
2023-04-20 16:37:13.8292||DEBUG|IdentityServer4.Validation.PostBodySecretParser|client id without secret found |url: http://localhost/connect/token|action: 
2023-04-20 16:37:13.8292||DEBUG|IdentityServer4.Validation.ISecretsListParser|Parser found secret: PostBodySecretParser |url: http://localhost/connect/token|action: 
2023-04-20 16:37:13.8413||DEBUG|IdentityServer4.Validation.ISecretsListParser|Secret id found: VPKHCN |url: http://localhost/connect/token|action: 
2023-04-20 16:37:13.9634||DEBUG|IdentityServer4.EntityFramework.Stores.ClientStore|VPKHCN found in database: True |url: http://localhost/connect/token|action: 
2023-04-20 16:37:13.9735||DEBUG|IdentityServer4.Stores.ValidatingClientStore|client configuration validation for client VPKHCN succeeded. |url: http://localhost/connect/token|action: 
2023-04-20 16:37:13.9735||DEBUG|IdentityServer4.Validation.HashedSharedSecretValidator|Hashed shared secret validator cannot process NoSecret |url: http://localhost/connect/token|action: 
2023-04-20 16:37:13.9735||DEBUG|IdentityServer4.Validation.ISecretsListValidator|Secret validators could not validate secret |url: http://localhost/connect/token|action: 
2023-04-20 16:37:13.9735||INFO|IdentityServer4.Events.DefaultEventService|{"ClientId":"VPKHCN", "Category":"Authentication", "Name":"Client Authentication Failure", "EventType":"Failure", "Id":1011, "Message":"Invalid client secret", "ActivityId":"0HMQ1GAS6JQOE:00000007", "TimeStamp":"2023-04-20T09:37:13Z", "ProcessId":21000, "LocalIpAddress":"::1:5000", "RemoteIpAddress":"::1"} |url: http://localhost/connect/token|action: 
2023-04-20 16:37:13.9939||ERROR|IdentityServer4.Validation.ClientSecretValidator|Client secret validation failed for client: VPKHCN. |url: http://localhost/connect/token|action: 
2023-04-20 16:38:15.6789||DEBUG|IdentityServer4.Hosting.CorsPolicyProvider|CORS request made for path: /connect/token from origin: http://localhost:8087 |url: http://localhost/connect/token|action: 
2023-04-20 16:38:15.6946||DEBUG|IdentityServer4.EntityFramework.Services.CorsPolicyService|Origin http://localhost:8087 is allowed: True |url: http://localhost/connect/token|action: 
2023-04-20 16:38:15.6946||DEBUG|IdentityServer4.Hosting.CorsPolicyProvider|CorsPolicyService allowed origin: http://localhost:8087 |url: http://localhost/connect/token|action: 
2023-04-20 16:38:15.6946||DEBUG|IdentityServer4.Hosting.EndpointRouter|Request path /connect/token matched to endpoint type Token |url: http://localhost/connect/token|action: 
2023-04-20 16:38:15.7637||DEBUG|IdentityServer4.Hosting.EndpointRouter|Endpoint enabled: Token, successfully created handler: IdentityServer4.Endpoints.TokenEndpoint |url: http://localhost/connect/token|action: 
2023-04-20 16:38:15.7637||INFO|IdentityServer4.Hosting.IdentityServerMiddleware|Invoking IdentityServer endpoint: IdentityServer4.Endpoints.TokenEndpoint for /connect/token |url: http://localhost/connect/token|action: 
2023-04-20 16:38:15.7637||DEBUG|IdentityServer4.Endpoints.TokenEndpoint|Start token request. |url: http://localhost/connect/token|action: 
2023-04-20 16:38:15.7637||DEBUG|IdentityServer4.Validation.ClientSecretValidator|Start client validation |url: http://localhost/connect/token|action: 
2023-04-20 16:38:15.7724||DEBUG|IdentityServer4.Validation.BasicAuthenticationSecretParser|Start parsing Basic Authentication secret |url: http://localhost/connect/token|action: 
2023-04-20 16:38:15.7724||DEBUG|IdentityServer4.Validation.ISecretsListParser|Parser found secret: BasicAuthenticationSecretParser |url: http://localhost/connect/token|action: 
2023-04-20 16:38:15.7724||DEBUG|IdentityServer4.Validation.ISecretsListParser|Secret id found: VPKHCN |url: http://localhost/connect/token|action: 
2023-04-20 16:38:15.8337||DEBUG|IdentityServer4.EntityFramework.Stores.ClientStore|VPKHCN found in database: True |url: http://localhost/connect/token|action: 
2023-04-20 16:38:15.8337||DEBUG|IdentityServer4.Stores.ValidatingClientStore|client configuration validation for client VPKHCN succeeded. |url: http://localhost/connect/token|action: 
2023-04-20 16:38:15.8337||DEBUG|IdentityServer4.Validation.ISecretsListValidator|Secret validator success: HashedSharedSecretValidator |url: http://localhost/connect/token|action: 
2023-04-20 16:38:15.8505||DEBUG|IdentityServer4.Validation.ClientSecretValidator|Client validation success |url: http://localhost/connect/token|action: 
2023-04-20 16:38:15.8505||INFO|IdentityServer4.Events.DefaultEventService|{"ClientId":"VPKHCN", "AuthenticationMethod":"SharedSecret", "Category":"Authentication", "Name":"Client Authentication Success", "EventType":"Success", "Id":1010, "ActivityId":"0HMQ1GAS6JQOE:00000009", "TimeStamp":"2023-04-20T09:38:15Z", "ProcessId":21000, "LocalIpAddress":"::1:5000", "RemoteIpAddress":"::1"} |url: http://localhost/connect/token|action: 
2023-04-20 16:38:15.8678||DEBUG|IdentityServer4.Validation.TokenRequestValidator|Start token request validation |url: http://localhost/connect/token|action: 
2023-04-20 16:38:15.9040||DEBUG|IdentityServer4.Validation.TokenRequestValidator|Start resource owner password token request validation |url: http://localhost/connect/token|action: 
2023-04-20 16:38:16.0607|20504|WARN|Microsoft.EntityFrameworkCore.Query|Compiling a query which loads related collections for more than one collection navigation either via 'Include' or through projection but no 'QuerySplittingBehavior' has been configured. By default Entity Framework will use 'QuerySplittingBehavior.SingleQuery' which can potentially result in slow query performance. See https://go.microsoft.com/fwlink/?linkid=2134277 for more information. To identify the query that's triggering this warning call 'ConfigureWarnings(w => w.Throw(RelationalEventId.MultipleCollectionIncludeWarning))' |url: http://localhost/connect/token|action: 
2023-04-20 16:38:16.1532||DEBUG|IdentityServer4.EntityFramework.Stores.ResourceStore|Found profile, openid identity scopes in database |url: http://localhost/connect/token|action: 
2023-04-20 16:38:16.2152|20504|WARN|Microsoft.EntityFrameworkCore.Query|Compiling a query which loads related collections for more than one collection navigation either via 'Include' or through projection but no 'QuerySplittingBehavior' has been configured. By default Entity Framework will use 'QuerySplittingBehavior.SingleQuery' which can potentially result in slow query performance. See https://go.microsoft.com/fwlink/?linkid=2134277 for more information. To identify the query that's triggering this warning call 'ConfigureWarnings(w => w.Throw(RelationalEventId.MultipleCollectionIncludeWarning))' |url: http://localhost/connect/token|action: 
2023-04-20 16:38:16.2943||DEBUG|IdentityServer4.EntityFramework.Stores.ResourceStore|Found  API resources in database |url: http://localhost/connect/token|action: 
2023-04-20 16:38:16.3141|20504|WARN|Microsoft.EntityFrameworkCore.Query|Compiling a query which loads related collections for more than one collection navigation either via 'Include' or through projection but no 'QuerySplittingBehavior' has been configured. By default Entity Framework will use 'QuerySplittingBehavior.SingleQuery' which can potentially result in slow query performance. See https://go.microsoft.com/fwlink/?linkid=2134277 for more information. To identify the query that's triggering this warning call 'ConfigureWarnings(w => w.Throw(RelationalEventId.MultipleCollectionIncludeWarning))' |url: http://localhost/connect/token|action: 
2023-04-20 16:38:16.3520||DEBUG|IdentityServer4.EntityFramework.Stores.ResourceStore|Found  scopes in database |url: http://localhost/connect/token|action: 
2023-04-20 16:38:16.3938||DEBUG|IdentityServer4.EntityFramework.Stores.ResourceStore|Found profile, openid identity scopes in database |url: http://localhost/connect/token|action: 
2023-04-20 16:38:16.4200||DEBUG|IdentityServer4.EntityFramework.Stores.ResourceStore|Found  API resources in database |url: http://localhost/connect/token|action: 
2023-04-20 16:38:16.4487||DEBUG|IdentityServer4.EntityFramework.Stores.ResourceStore|Found  scopes in database |url: http://localhost/connect/token|action: 
2023-04-20 16:38:16.9342||DEBUG|IdentityServer4.Hosting.CorsPolicyProvider|CORS request made for path: /connect/token from origin: http://localhost:8087 |url: http://localhost/connect/token|action: 
2023-04-20 16:38:16.9615||DEBUG|IdentityServer4.EntityFramework.Services.CorsPolicyService|Origin http://localhost:8087 is allowed: True |url: http://localhost/connect/token|action: 
2023-04-20 16:38:16.9615||DEBUG|IdentityServer4.Hosting.CorsPolicyProvider|CorsPolicyService allowed origin: http://localhost:8087 |url: http://localhost/connect/token|action: 
2023-04-20 16:38:16.9740||DEBUG|IdentityServer4.Hosting.EndpointRouter|Request path /connect/token matched to endpoint type Token |url: http://localhost/connect/token|action: 
2023-04-20 16:38:17.0361||DEBUG|IdentityServer4.Hosting.EndpointRouter|Endpoint enabled: Token, successfully created handler: IdentityServer4.Endpoints.TokenEndpoint |url: http://localhost/connect/token|action: 
2023-04-20 16:38:17.0428||INFO|IdentityServer4.Hosting.IdentityServerMiddleware|Invoking IdentityServer endpoint: IdentityServer4.Endpoints.TokenEndpoint for /connect/token |url: http://localhost/connect/token|action: 
2023-04-20 16:38:17.0428||DEBUG|IdentityServer4.Endpoints.TokenEndpoint|Start token request. |url: http://localhost/connect/token|action: 
2023-04-20 16:38:17.0428||DEBUG|IdentityServer4.Validation.ClientSecretValidator|Start client validation |url: http://localhost/connect/token|action: 
2023-04-20 16:38:17.0576||DEBUG|IdentityServer4.Validation.BasicAuthenticationSecretParser|Start parsing Basic Authentication secret |url: http://localhost/connect/token|action: 
2023-04-20 16:38:17.0576||DEBUG|IdentityServer4.Validation.ISecretsListParser|Parser found secret: BasicAuthenticationSecretParser |url: http://localhost/connect/token|action: 
2023-04-20 16:38:17.0576||DEBUG|IdentityServer4.Validation.ISecretsListParser|Secret id found: VPKHCN |url: http://localhost/connect/token|action: 
2023-04-20 16:38:17.1673||DEBUG|IdentityServer4.EntityFramework.Stores.ClientStore|VPKHCN found in database: True |url: http://localhost/connect/token|action: 
2023-04-20 16:38:17.1802||DEBUG|IdentityServer4.Stores.ValidatingClientStore|client configuration validation for client VPKHCN succeeded. |url: http://localhost/connect/token|action: 
2023-04-20 16:38:17.1802||DEBUG|IdentityServer4.Validation.ISecretsListValidator|Secret validator success: HashedSharedSecretValidator |url: http://localhost/connect/token|action: 
2023-04-20 16:38:17.1940||DEBUG|IdentityServer4.Validation.ClientSecretValidator|Client validation success |url: http://localhost/connect/token|action: 
2023-04-20 16:38:17.1940||INFO|IdentityServer4.Events.DefaultEventService|{"ClientId":"VPKHCN", "AuthenticationMethod":"SharedSecret", "Category":"Authentication", "Name":"Client Authentication Success", "EventType":"Success", "Id":1010, "ActivityId":"0HMQ1GAS6JQOF:00000008", "TimeStamp":"2023-04-20T09:38:17Z", "ProcessId":21000, "LocalIpAddress":"::1:5000", "RemoteIpAddress":"::1"} |url: http://localhost/connect/token|action: 
2023-04-20 16:38:17.2177||DEBUG|IdentityServer4.Validation.TokenRequestValidator|Start token request validation |url: http://localhost/connect/token|action: 
2023-04-20 16:38:17.2320||DEBUG|IdentityServer4.Validation.TokenRequestValidator|Start resource owner password token request validation |url: http://localhost/connect/token|action: 
2023-04-20 16:38:17.3480||INFO|IdentityServer4.Events.DefaultEventService|{"Username":"tt_dong", "SubjectId":"ccdf33e3-86c3-48c8-781d-08db3415a1d8", "Endpoint":"Token", "ClientId":"VPKHCN", "Category":"Authentication", "Name":"User Login Success", "EventType":"Success", "Id":1000, "ActivityId":"0HMQ1GAS6JQOE:00000009", "TimeStamp":"2023-04-20T09:38:17Z", "ProcessId":21000, "LocalIpAddress":"::1:5000", "RemoteIpAddress":"::1"} |url: http://localhost/connect/token|action: 
2023-04-20 16:38:17.3498||DEBUG|IdentityServer4.Validation.TokenRequestValidator|Resource owner password token request validation success. |url: http://localhost/connect/token|action: 
2023-04-20 16:38:17.3498||DEBUG|IdentityServer4.EntityFramework.Stores.ResourceStore|Found profile, openid identity scopes in database |url: http://localhost/connect/token|action: 
2023-04-20 16:38:17.3498||INFO|IdentityServer4.Validation.TokenRequestValidator|Token request validation success, {"ClientId":"VPKHCN", "ClientName":"Phần mềm phục vụ quản lý các nhiệm vụ thuộc các chương trình KH&CN", "GrantType":"password", "Scopes":"offline_access openid profile", "AuthorizationCode":"********", "RefreshToken":"********", "UserName":"tt_dong", "Raw":{"grant_type":"password","username":"tt_dong","password":"***REDACTED***"}} |url: http://localhost/connect/token|action: 
2023-04-20 16:38:17.3827||DEBUG|IdentityServer4.EntityFramework.Stores.ResourceStore|Found  API resources in database |url: http://localhost/connect/token|action: 
2023-04-20 16:38:17.4063||DEBUG|IdentityServer4.EntityFramework.Stores.ResourceStore|Found  scopes in database |url: http://localhost/connect/token|action: 
2023-04-20 16:38:17.4279||DEBUG|IdentityServer4.EntityFramework.Stores.ResourceStore|Found profile, openid identity scopes in database |url: http://localhost/connect/token|action: 
2023-04-20 16:38:17.4279||DEBUG|IdentityServer4.EntityFramework.Stores.ResourceStore|Found  API resources in database |url: http://localhost/connect/token|action: 
2023-04-20 16:38:17.4497||DEBUG|IdentityServer4.EntityFramework.Stores.ResourceStore|Found  scopes in database |url: http://localhost/connect/token|action: 
2023-04-20 16:38:17.4629||DEBUG|IdentityServer4.Services.DefaultClaimsService|Getting claims for access token for client: VPKHCN |url: http://localhost/connect/token|action: 
2023-04-20 16:38:17.4629||DEBUG|IdentityServer4.Services.DefaultClaimsService|Getting claims for access token for subject: ccdf33e3-86c3-48c8-781d-08db3415a1d8 |url: http://localhost/connect/token|action: 
2023-04-20 16:38:17.5701||INFO|IdentityServer4.Events.DefaultEventService|{"Username":"tt_dong", "SubjectId":"ccdf33e3-86c3-48c8-781d-08db3415a1d8", "Endpoint":"Token", "ClientId":"VPKHCN", "Category":"Authentication", "Name":"User Login Success", "EventType":"Success", "Id":1000, "ActivityId":"0HMQ1GAS6JQOF:00000008", "TimeStamp":"2023-04-20T09:38:17Z", "ProcessId":21000, "LocalIpAddress":"::1:5000", "RemoteIpAddress":"::1"} |url: http://localhost/connect/token|action: 
2023-04-20 16:38:17.5701||DEBUG|IdentityServer4.Validation.TokenRequestValidator|Resource owner password token request validation success. |url: http://localhost/connect/token|action: 
2023-04-20 16:38:17.5701||INFO|IdentityServer4.Validation.TokenRequestValidator|Token request validation success, {"ClientId":"VPKHCN", "ClientName":"Phần mềm phục vụ quản lý các nhiệm vụ thuộc các chương trình KH&CN", "GrantType":"password", "Scopes":"offline_access openid profile", "AuthorizationCode":"********", "RefreshToken":"********", "UserName":"tt_dong", "Raw":{"grant_type":"password","username":"tt_dong","password":"***REDACTED***"}} |url: http://localhost/connect/token|action: 
2023-04-20 16:38:17.5853||DEBUG|IdentityServer4.Services.DefaultClaimsService|Getting claims for access token for client: VPKHCN |url: http://localhost/connect/token|action: 
2023-04-20 16:38:17.5853||DEBUG|IdentityServer4.Services.DefaultClaimsService|Getting claims for access token for subject: ccdf33e3-86c3-48c8-781d-08db3415a1d8 |url: http://localhost/connect/token|action: 
2023-04-20 16:38:17.6605||DEBUG|IdentityServer4.Services.DefaultRefreshTokenService|Creating refresh token |url: http://localhost/connect/token|action: 
2023-04-20 16:38:17.6605||DEBUG|IdentityServer4.Services.DefaultRefreshTokenService|Setting an absolute lifetime: 2592000 |url: http://localhost/connect/token|action: 
2023-04-20 16:38:17.6605||DEBUG|IdentityServer4.Services.DefaultRefreshTokenService|Creating refresh token |url: http://localhost/connect/token|action: 
2023-04-20 16:38:17.6641||DEBUG|IdentityServer4.Services.DefaultRefreshTokenService|Setting an absolute lifetime: 2592000 |url: http://localhost/connect/token|action: 
2023-04-20 16:38:17.9211||DEBUG|IdentityServer4.EntityFramework.Stores.PersistedGrantStore|YQ42wcHVWsL7T1Dxi1b/qV9IN10B38cFzAr+7h45pZ4= not found in database |url: http://localhost/connect/token|action: 
2023-04-20 16:38:17.9910||DEBUG|IdentityServer4.EntityFramework.Stores.PersistedGrantStore|7MnRIDg1/PE8VmGt0EdoIKQx9l0jJxIZIVqsfN/Ck28= not found in database |url: http://localhost/connect/token|action: 
2023-04-20 16:38:18.4953||INFO|IdentityServer4.Events.DefaultEventService|{"ClientId":"VPKHCN", "ClientName":"Phần mềm phục vụ quản lý các nhiệm vụ thuộc các chương trình KH&CN", "Endpoint":"Token", "SubjectId":"ccdf33e3-86c3-48c8-781d-08db3415a1d8", "Scopes":"offline_access openid profile", "GrantType":"password", "Tokens":[{"TokenType":"refresh_token", "TokenValue":"****8F58"},{"TokenType":"access_token", "TokenValue":"****Exmw"}], "Category":"Token", "Name":"Token Issued Success", "EventType":"Success", "Id":2000, "ActivityId":"0HMQ1GAS6JQOE:00000009", "TimeStamp":"2023-04-20T09:38:18Z", "ProcessId":21000, "LocalIpAddress":"::1:5000", "RemoteIpAddress":"::1"} |url: http://localhost/connect/token|action: 
2023-04-20 16:38:18.4953||INFO|IdentityServer4.Events.DefaultEventService|{"ClientId":"VPKHCN", "ClientName":"Phần mềm phục vụ quản lý các nhiệm vụ thuộc các chương trình KH&CN", "Endpoint":"Token", "SubjectId":"ccdf33e3-86c3-48c8-781d-08db3415a1d8", "Scopes":"offline_access openid profile", "GrantType":"password", "Tokens":[{"TokenType":"refresh_token", "TokenValue":"****2CC9"},{"TokenType":"access_token", "TokenValue":"****Ckuw"}], "Category":"Token", "Name":"Token Issued Success", "EventType":"Success", "Id":2000, "ActivityId":"0HMQ1GAS6JQOF:00000008", "TimeStamp":"2023-04-20T09:38:18Z", "ProcessId":21000, "LocalIpAddress":"::1:5000", "RemoteIpAddress":"::1"} |url: http://localhost/connect/token|action: 
2023-04-20 16:38:18.5083||DEBUG|IdentityServer4.Endpoints.TokenEndpoint|Token request success. |url: http://localhost/connect/token|action: 
2023-04-20 16:38:18.5083||DEBUG|IdentityServer4.Endpoints.TokenEndpoint|Token request success. |url: http://localhost/connect/token|action: 
2023-04-20 16:38:22.8592||DEBUG|IdentityServer4.Hosting.CorsPolicyProvider|CORS request made for path: /api/link-GC_LICH_HANG_NGAY/ from origin: http://localhost:8087 but was ignored because path was not for an allowed IdentityServer CORS endpoint |url: http://localhost/api/link-GC_LICH_HANG_NGAY/|action: Get
2023-04-20 16:38:26.2400||DEBUG|IdentityServer4.Hosting.CorsPolicyProvider|CORS request made for path: /api/link-GC_LICH_HANG_NGAY/ from origin: http://localhost:8087 but was ignored because path was not for an allowed IdentityServer CORS endpoint |url: http://localhost/api/link-GC_LICH_HANG_NGAY/|action: Get
2023-04-20 16:40:35.6813||DEBUG|IdentityServer4.Hosting.CorsPolicyProvider|CORS request made for path: /api/link-GC_LICH_HANG_NGAY/5630be30-38e5-43f6-9446-08db3b012086 from origin: http://localhost:8087 but was ignored because path was not for an allowed IdentityServer CORS endpoint |url: http://localhost/api/link-GC_LICH_HANG_NGAY/5630be30-38e5-43f6-9446-08db3b012086|action: GetById
2023-04-20 16:40:35.7232||DEBUG|IdentityServer4.Hosting.CorsPolicyProvider|CORS request made for path: /api/link-GC_CONG_VIEC_PHAN_CONG/select from origin: http://localhost:8087 but was ignored because path was not for an allowed IdentityServer CORS endpoint |url: http://localhost/api/link-GC_CONG_VIEC_PHAN_CONG/select|action: GetSelect
2023-04-20 16:40:35.7446||DEBUG|IdentityServer4.Hosting.CorsPolicyProvider|CORS request made for path: /api/link-qtht_nguoi_dung/select from origin: http://localhost:8087 but was ignored because path was not for an allowed IdentityServer CORS endpoint |url: http://localhost/api/link-qtht_nguoi_dung/select|action: GetSelect
2023-04-20 16:41:51.2727||DEBUG|IdentityServer4.Hosting.CorsPolicyProvider|CORS request made for path: /api/link-GC_LICH_HANG_NGAY/5630be30-38e5-43f6-9446-08db3b012086 from origin: http://localhost:8087 but was ignored because path was not for an allowed IdentityServer CORS endpoint |url: http://localhost/api/link-GC_LICH_HANG_NGAY/5630be30-38e5-43f6-9446-08db3b012086|action: GetById
2023-04-20 16:41:51.3074||DEBUG|IdentityServer4.Hosting.CorsPolicyProvider|CORS request made for path: /api/link-qtht_nguoi_dung/select from origin: http://localhost:8087 but was ignored because path was not for an allowed IdentityServer CORS endpoint |url: http://localhost/api/link-qtht_nguoi_dung/select|action: GetSelect
2023-04-20 16:41:51.3074||DEBUG|IdentityServer4.Hosting.CorsPolicyProvider|CORS request made for path: /api/link-GC_CONG_VIEC_PHAN_CONG/select from origin: http://localhost:8087 but was ignored because path was not for an allowed IdentityServer CORS endpoint |url: http://localhost/api/link-GC_CONG_VIEC_PHAN_CONG/select|action: GetSelect
2023-04-20 16:42:13.3670||DEBUG|IdentityServer4.Hosting.CorsPolicyProvider|CORS request made for path: /api/link-GC_LICH_HANG_NGAY/ from origin: http://localhost:8087 but was ignored because path was not for an allowed IdentityServer CORS endpoint |url: http://localhost/api/link-GC_LICH_HANG_NGAY/|action: Get
2023-04-20 16:42:13.5684||DEBUG|IdentityServer4.Hosting.CorsPolicyProvider|CORS request made for path: /api/link-GC_LICH_HANG_NGAY/ from origin: http://localhost:8087 but was ignored because path was not for an allowed IdentityServer CORS endpoint |url: http://localhost/api/link-GC_LICH_HANG_NGAY/|action: Get
2023-04-20 16:42:38.9325||DEBUG|IdentityServer4.Hosting.CorsPolicyProvider|CORS request made for path: /api/link-GC_LICH_HANG_NGAY/41198e03-6cd3-46b7-9447-08db3b012086 from origin: http://localhost:8087 but was ignored because path was not for an allowed IdentityServer CORS endpoint |url: http://localhost/api/link-GC_LICH_HANG_NGAY/41198e03-6cd3-46b7-9447-08db3b012086|action: GetById
2023-04-20 16:42:38.9325||DEBUG|IdentityServer4.Hosting.CorsPolicyProvider|CORS request made for path: /api/link-GC_CONG_VIEC_PHAN_CONG/select from origin: http://localhost:8087 but was ignored because path was not for an allowed IdentityServer CORS endpoint |url: http://localhost/api/link-GC_CONG_VIEC_PHAN_CONG/select|action: GetSelect
2023-04-20 16:42:38.9460||DEBUG|IdentityServer4.Hosting.CorsPolicyProvider|CORS request made for path: /api/link-qtht_nguoi_dung/select from origin: http://localhost:8087 but was ignored because path was not for an allowed IdentityServer CORS endpoint |url: http://localhost/api/link-qtht_nguoi_dung/select|action: GetSelect
2023-04-20 16:45:28.2778||DEBUG|IdentityServer4.Hosting.CorsPolicyProvider|CORS request made for path: /api/link-GC_LICH_HANG_NGAY/ from origin: http://localhost:8087 but was ignored because path was not for an allowed IdentityServer CORS endpoint |url: http://localhost/api/link-GC_LICH_HANG_NGAY/|action: Get
2023-04-20 16:45:28.6166||DEBUG|IdentityServer4.Hosting.CorsPolicyProvider|CORS request made for path: /api/link-GC_LICH_HANG_NGAY/ from origin: http://localhost:8087 but was ignored because path was not for an allowed IdentityServer CORS endpoint |url: http://localhost/api/link-GC_LICH_HANG_NGAY/|action: Get
2023-04-20 16:45:30.9917||DEBUG|IdentityServer4.Hosting.CorsPolicyProvider|CORS request made for path: /api/link-GC_LICH_HANG_NGAY/ from origin: http://localhost:8087 but was ignored because path was not for an allowed IdentityServer CORS endpoint |url: http://localhost/api/link-GC_LICH_HANG_NGAY/|action: Get
2023-04-20 16:45:31.1639||DEBUG|IdentityServer4.Hosting.CorsPolicyProvider|CORS request made for path: /api/link-GC_LICH_HANG_NGAY/ from origin: http://localhost:8087 but was ignored because path was not for an allowed IdentityServer CORS endpoint |url: http://localhost/api/link-GC_LICH_HANG_NGAY/|action: Get
2023-04-20 16:45:38.4660||DEBUG|IdentityServer4.Hosting.CorsPolicyProvider|CORS request made for path: /api/link-GC_LICH_HANG_NGAY/ from origin: http://localhost:8087 but was ignored because path was not for an allowed IdentityServer CORS endpoint |url: http://localhost/api/link-GC_LICH_HANG_NGAY/|action: Get
2023-04-20 16:45:38.6155||DEBUG|IdentityServer4.Hosting.CorsPolicyProvider|CORS request made for path: /api/link-GC_LICH_HANG_NGAY/ from origin: http://localhost:8087 but was ignored because path was not for an allowed IdentityServer CORS endpoint |url: http://localhost/api/link-GC_LICH_HANG_NGAY/|action: Get
2023-04-20 16:46:08.0537||DEBUG|IdentityServer4.Hosting.CorsPolicyProvider|CORS request made for path: /api/link-Clients/select from origin: http://localhost:8087 but was ignored because path was not for an allowed IdentityServer CORS endpoint |url: http://localhost/api/link-Clients/select|action: GetSelect
2023-04-20 16:46:08.0537||DEBUG|IdentityServer4.Hosting.CorsPolicyProvider|CORS request made for path: /api/link-ClientCorsOrigins/ from origin: http://localhost:8087 but was ignored because path was not for an allowed IdentityServer CORS endpoint |url: http://localhost/api/link-ClientCorsOrigins/|action: Get
2023-04-20 16:46:08.6053||DEBUG|IdentityServer4.Hosting.CorsPolicyProvider|CORS request made for path: /api/link-Clients/select from origin: http://localhost:8087 but was ignored because path was not for an allowed IdentityServer CORS endpoint |url: http://localhost/api/link-Clients/select|action: GetSelect
2023-04-20 16:46:16.8497||DEBUG|IdentityServer4.Hosting.CorsPolicyProvider|CORS request made for path: /api/link-GC_CONG_VIEC_PHAN_CONG/ from origin: http://localhost:8087 but was ignored because path was not for an allowed IdentityServer CORS endpoint |url: http://localhost/api/link-GC_CONG_VIEC_PHAN_CONG/|action: Get
2023-04-20 16:46:16.9274||DEBUG|IdentityServer4.Hosting.CorsPolicyProvider|CORS request made for path: /api/link-GC_CHUC_NANG/select from origin: http://localhost:8087 but was ignored because path was not for an allowed IdentityServer CORS endpoint |url: http://localhost/api/link-GC_CHUC_NANG/select|action: GetSelect
2023-04-20 16:46:16.9274||DEBUG|IdentityServer4.Hosting.CorsPolicyProvider|CORS request made for path: /api/link-qtht_nguoi_dung/select from origin: http://localhost:8087 but was ignored because path was not for an allowed IdentityServer CORS endpoint |url: http://localhost/api/link-qtht_nguoi_dung/select|action: GetSelect
2023-04-20 16:46:16.9595||DEBUG|IdentityServer4.Hosting.CorsPolicyProvider|CORS request made for path: /api/link-GC_DM_TRANG_THAI/select from origin: http://localhost:8087 but was ignored because path was not for an allowed IdentityServer CORS endpoint |url: http://localhost/api/link-GC_DM_TRANG_THAI/select|action: GetSelect
2023-04-20 16:46:17.0269||DEBUG|IdentityServer4.Hosting.CorsPolicyProvider|CORS request made for path: /api/link-GC_CONG_VIEC/select from origin: http://localhost:8087 but was ignored because path was not for an allowed IdentityServer CORS endpoint |url: http://localhost/api/link-GC_CONG_VIEC/select|action: GetSelect
2023-04-20 16:46:17.0840||DEBUG|IdentityServer4.Hosting.CorsPolicyProvider|CORS request made for path: /api/link-qtht_nguoi_dung/select from origin: http://localhost:8087 but was ignored because path was not for an allowed IdentityServer CORS endpoint |url: http://localhost/api/link-qtht_nguoi_dung/select|action: GetSelect
2023-04-20 16:46:17.1814||DEBUG|IdentityServer4.Hosting.CorsPolicyProvider|CORS request made for path: /api/link-qtht_nguoi_dung/select from origin: http://localhost:8087 but was ignored because path was not for an allowed IdentityServer CORS endpoint |url: http://localhost/api/link-qtht_nguoi_dung/select|action: GetSelect
2023-04-20 16:46:31.5544||DEBUG|IdentityServer4.Hosting.CorsPolicyProvider|CORS request made for path: /api/link-Clients/select from origin: http://localhost:8087 but was ignored because path was not for an allowed IdentityServer CORS endpoint |url: http://localhost/api/link-Clients/select|action: GetSelect
2023-04-20 16:46:31.5544||DEBUG|IdentityServer4.Hosting.CorsPolicyProvider|CORS request made for path: /api/link-ClientCorsOrigins/ from origin: http://localhost:8087 but was ignored because path was not for an allowed IdentityServer CORS endpoint |url: http://localhost/api/link-ClientCorsOrigins/|action: Get
2023-04-20 16:49:01.9130||DEBUG|IdentityServer4.Hosting.CorsPolicyProvider|CORS request made for path: /api/link-GC_LICH_HANG_NGAY/ from origin: http://localhost:8087 but was ignored because path was not for an allowed IdentityServer CORS endpoint |url: http://localhost/api/link-GC_LICH_HANG_NGAY/|action: Get
2023-04-20 16:49:01.9130||DEBUG|IdentityServer4.Hosting.CorsPolicyProvider|CORS request made for path: /api/link-qtht_nguoi_dung/select from origin: http://localhost:8087 but was ignored because path was not for an allowed IdentityServer CORS endpoint |url: http://localhost/api/link-qtht_nguoi_dung/select|action: GetSelect
2023-04-20 16:49:01.9271||DEBUG|IdentityServer4.Hosting.CorsPolicyProvider|CORS request made for path: /api/link-GC_CONG_VIEC_PHAN_CONG/select from origin: http://localhost:8087 but was ignored because path was not for an allowed IdentityServer CORS endpoint |url: http://localhost/api/link-GC_CONG_VIEC_PHAN_CONG/select|action: GetSelect
2023-04-20 16:49:07.0731||DEBUG|IdentityServer4.Hosting.CorsPolicyProvider|CORS request made for path: /api/link-GC_LICH_HANG_NGAY/ from origin: http://localhost:8087 but was ignored because path was not for an allowed IdentityServer CORS endpoint |url: http://localhost/api/link-GC_LICH_HANG_NGAY/|action: Get
2023-04-20 16:49:07.2737||DEBUG|IdentityServer4.Hosting.CorsPolicyProvider|CORS request made for path: /api/link-GC_LICH_HANG_NGAY/ from origin: http://localhost:8087 but was ignored because path was not for an allowed IdentityServer CORS endpoint |url: http://localhost/api/link-GC_LICH_HANG_NGAY/|action: Get
