2023-03-30 14:13:56.5114||DEBUG|App.Api.Program|init main |url: |action: 
2023-03-30 14:14:18.0093||INFO|IdentityServer4.Startup|Starting IdentityServer4 version 4.1.1+cebd52f5bc61bdefc262fd20739d4d087c6f961f |url: |action: 
2023-03-30 14:14:18.0825||INFO|IdentityServer4.Startup|Using the default authentication scheme oidc for IdentityServer |url: |action: 
2023-03-30 14:14:18.0915||DEBUG|IdentityServer4.Startup|Using oidc as default ASP.NET Core scheme for authentication |url: |action: 
2023-03-30 14:14:18.0915||DEBUG|IdentityServer4.Startup|Using oidc as default ASP.NET Core scheme for sign-in |url: |action: 
2023-03-30 14:14:18.0915||DEBUG|IdentityServer4.Startup|Using oidc as default ASP.NET Core scheme for sign-out |url: |action: 
2023-03-30 14:14:18.0915||DEBUG|IdentityServer4.Startup|Using oidc as default ASP.NET Core scheme for challenge |url: |action: 
2023-03-30 14:14:18.0915||DEBUG|IdentityServer4.Startup|Using oidc as default ASP.NET Core scheme for forbid |url: |action: 
2023-03-30 14:14:23.0645||DEBUG|IdentityServer4.Startup|Login Url: /Account/Login |url: https://localhost/|action: Index
2023-03-30 14:14:23.0740||DEBUG|IdentityServer4.Startup|Login Return Url Parameter: ReturnUrl |url: https://localhost/|action: Index
2023-03-30 14:14:23.0740||DEBUG|IdentityServer4.Startup|Logout Url: /Account/Logout |url: https://localhost/|action: Index
2023-03-30 14:14:23.0740||DEBUG|IdentityServer4.Startup|ConsentUrl Url: /consent |url: https://localhost/|action: Index
2023-03-30 14:14:23.0740||DEBUG|IdentityServer4.Startup|Consent Return Url Parameter: returnUrl |url: https://localhost/|action: Index
2023-03-30 14:14:23.0740||DEBUG|IdentityServer4.Startup|Error Url: /home/error |url: https://localhost/|action: Index
2023-03-30 14:14:23.0740||DEBUG|IdentityServer4.Startup|Error Id Parameter: errorId |url: https://localhost/|action: Index
2023-03-30 14:14:39.4959||DEBUG|IdentityServer4.Hosting.CorsPolicyProvider|CORS request made for path: /api/link-qtht_nguoi_dung/select from origin: http://localhost:3000 but was ignored because path was not for an allowed IdentityServer CORS endpoint |url: http://localhost/api/link-qtht_nguoi_dung/select|action: GetSelect
2023-03-30 14:14:39.4959||DEBUG|IdentityServer4.Hosting.CorsPolicyProvider|CORS request made for path: /api/link-GC_CONG_VIEC_PHAN_CONG/select from origin: http://localhost:3000 but was ignored because path was not for an allowed IdentityServer CORS endpoint |url: http://localhost/api/link-GC_CONG_VIEC_PHAN_CONG/select|action: GetSelect
2023-03-30 14:14:39.4959||DEBUG|IdentityServer4.Hosting.CorsPolicyProvider|CORS request made for path: /api/link-GC_LICH_HANG_NGAY/ from origin: http://localhost:3000 but was ignored because path was not for an allowed IdentityServer CORS endpoint |url: http://localhost/api/link-GC_LICH_HANG_NGAY/|action: Get
2023-03-30 14:14:47.2183||DEBUG|IdentityServer4.Hosting.CorsPolicyProvider|CORS request made for path: /api/link-Clients/select from origin: http://localhost:3000 but was ignored because path was not for an allowed IdentityServer CORS endpoint |url: http://localhost/api/link-Clients/select|action: GetSelect
2023-03-30 14:14:47.2183||DEBUG|IdentityServer4.Hosting.CorsPolicyProvider|CORS request made for path: /api/link-ClientCorsOrigins/ from origin: http://localhost:3000 but was ignored because path was not for an allowed IdentityServer CORS endpoint |url: http://localhost/api/link-ClientCorsOrigins/|action: Get
2023-03-30 14:14:47.7800||DEBUG|IdentityServer4.Hosting.CorsPolicyProvider|CORS request made for path: /api/link-Clients/select from origin: http://localhost:3000 but was ignored because path was not for an allowed IdentityServer CORS endpoint |url: http://localhost/api/link-Clients/select|action: GetSelect
2023-03-30 14:14:49.4315||DEBUG|IdentityServer4.Hosting.CorsPolicyProvider|CORS request made for path: /api/link-GC_LICH_HANG_NGAY/ from origin: http://localhost:3000 but was ignored because path was not for an allowed IdentityServer CORS endpoint |url: http://localhost/api/link-GC_LICH_HANG_NGAY/|action: Get
2023-03-30 14:14:49.4315||DEBUG|IdentityServer4.Hosting.CorsPolicyProvider|CORS request made for path: /api/link-GC_CONG_VIEC_PHAN_CONG/select from origin: http://localhost:3000 but was ignored because path was not for an allowed IdentityServer CORS endpoint |url: http://localhost/api/link-GC_CONG_VIEC_PHAN_CONG/select|action: GetSelect
2023-03-30 14:14:49.4315||DEBUG|IdentityServer4.Hosting.CorsPolicyProvider|CORS request made for path: /api/link-qtht_nguoi_dung/select from origin: http://localhost:3000 but was ignored because path was not for an allowed IdentityServer CORS endpoint |url: http://localhost/api/link-qtht_nguoi_dung/select|action: GetSelect
2023-03-30 14:14:50.6837||DEBUG|IdentityServer4.Hosting.CorsPolicyProvider|CORS request made for path: /api/link-GC_LICH_HANG_NGAY/ from origin: http://localhost:3000 but was ignored because path was not for an allowed IdentityServer CORS endpoint |url: http://localhost/api/link-GC_LICH_HANG_NGAY/|action: Get
2023-03-30 14:14:51.6845||DEBUG|IdentityServer4.Hosting.CorsPolicyProvider|CORS request made for path: /api/link-GC_LICH_HANG_NGAY/ from origin: http://localhost:3000 but was ignored because path was not for an allowed IdentityServer CORS endpoint |url: http://localhost/api/link-GC_LICH_HANG_NGAY/|action: Get
2023-03-30 14:14:52.4763||DEBUG|IdentityServer4.Hosting.CorsPolicyProvider|CORS request made for path: /api/link-GC_LICH_HANG_NGAY/ from origin: http://localhost:3000 but was ignored because path was not for an allowed IdentityServer CORS endpoint |url: http://localhost/api/link-GC_LICH_HANG_NGAY/|action: Get
2023-03-30 14:15:06.0106||DEBUG|IdentityServer4.Hosting.CorsPolicyProvider|CORS request made for path: /api/link-GC_LICH_HANG_NGAY/ from origin: http://localhost:3000 but was ignored because path was not for an allowed IdentityServer CORS endpoint |url: http://localhost/api/link-GC_LICH_HANG_NGAY/|action: Get
2023-03-30 14:15:06.1026||DEBUG|IdentityServer4.Hosting.CorsPolicyProvider|CORS request made for path: /api/link-qtht_nguoi_dung/select from origin: http://localhost:3000 but was ignored because path was not for an allowed IdentityServer CORS endpoint |url: http://localhost/api/link-qtht_nguoi_dung/select|action: GetSelect
2023-03-30 14:15:06.1026||DEBUG|IdentityServer4.Hosting.CorsPolicyProvider|CORS request made for path: /api/link-GC_CONG_VIEC_PHAN_CONG/select from origin: http://localhost:3000 but was ignored because path was not for an allowed IdentityServer CORS endpoint |url: http://localhost/api/link-GC_CONG_VIEC_PHAN_CONG/select|action: GetSelect
2023-03-30 14:15:13.4997||DEBUG|IdentityServer4.Hosting.CorsPolicyProvider|CORS request made for path: /api/link-qtht_nguoi_dung/select from origin: http://localhost:3000 but was ignored because path was not for an allowed IdentityServer CORS endpoint |url: http://localhost/api/link-qtht_nguoi_dung/select|action: GetSelect
2023-03-30 14:15:13.4997||DEBUG|IdentityServer4.Hosting.CorsPolicyProvider|CORS request made for path: /api/link-GC_CONG_VIEC_PHAN_CONG/select from origin: http://localhost:3000 but was ignored because path was not for an allowed IdentityServer CORS endpoint |url: http://localhost/api/link-GC_CONG_VIEC_PHAN_CONG/select|action: GetSelect
2023-03-30 14:15:16.0859||DEBUG|IdentityServer4.Hosting.CorsPolicyProvider|CORS request made for path: /api/link-GC_CONG_VIEC_PHAN_CONG/select from origin: http://localhost:3000 but was ignored because path was not for an allowed IdentityServer CORS endpoint |url: http://localhost/api/link-GC_CONG_VIEC_PHAN_CONG/select|action: GetSelect
2023-03-30 14:15:16.0859||DEBUG|IdentityServer4.Hosting.CorsPolicyProvider|CORS request made for path: /api/link-qtht_nguoi_dung/select from origin: http://localhost:3000 but was ignored because path was not for an allowed IdentityServer CORS endpoint |url: http://localhost/api/link-qtht_nguoi_dung/select|action: GetSelect
2023-03-30 14:15:16.1032||DEBUG|IdentityServer4.Hosting.CorsPolicyProvider|CORS request made for path: /api/link-GC_LICH_HANG_NGAY/ from origin: http://localhost:3000 but was ignored because path was not for an allowed IdentityServer CORS endpoint |url: http://localhost/api/link-GC_LICH_HANG_NGAY/|action: Get
2023-03-30 14:15:33.9537||DEBUG|IdentityServer4.Hosting.CorsPolicyProvider|CORS request made for path: /api/link-Clients/select from origin: http://localhost:3000 but was ignored because path was not for an allowed IdentityServer CORS endpoint |url: http://localhost/api/link-Clients/select|action: GetSelect
2023-03-30 14:15:33.9979||DEBUG|IdentityServer4.Hosting.CorsPolicyProvider|CORS request made for path: /api/link-ClientCorsOrigins/ from origin: http://localhost:3000 but was ignored because path was not for an allowed IdentityServer CORS endpoint |url: http://localhost/api/link-ClientCorsOrigins/|action: Get
2023-03-30 14:15:34.5012||DEBUG|IdentityServer4.Hosting.CorsPolicyProvider|CORS request made for path: /api/link-Clients/select from origin: http://localhost:3000 but was ignored because path was not for an allowed IdentityServer CORS endpoint |url: http://localhost/api/link-Clients/select|action: GetSelect
2023-03-30 14:15:39.4137||DEBUG|IdentityServer4.Hosting.CorsPolicyProvider|CORS request made for path: /api/link-GC_CONG_VIEC/select from origin: http://localhost:3000 but was ignored because path was not for an allowed IdentityServer CORS endpoint |url: http://localhost/api/link-GC_CONG_VIEC/select|action: GetSelect
2023-03-30 14:15:39.4045||DEBUG|IdentityServer4.Hosting.CorsPolicyProvider|CORS request made for path: /api/link-GC_CONG_VIEC_CHECKLIST/ from origin: http://localhost:3000 but was ignored because path was not for an allowed IdentityServer CORS endpoint |url: http://localhost/api/link-GC_CONG_VIEC_CHECKLIST/|action: Get
2023-03-30 14:15:39.4137||DEBUG|IdentityServer4.Hosting.CorsPolicyProvider|CORS request made for path: /api/link-GC_CHUC_NANG/select from origin: http://localhost:3000 but was ignored because path was not for an allowed IdentityServer CORS endpoint |url: http://localhost/api/link-GC_CHUC_NANG/select|action: GetSelect
2023-03-30 14:15:39.4137||DEBUG|IdentityServer4.Hosting.CorsPolicyProvider|CORS request made for path: /api/link-GC_DM_LOAI_CHECK_LIST/select from origin: http://localhost:3000 but was ignored because path was not for an allowed IdentityServer CORS endpoint |url: http://localhost/api/link-GC_DM_LOAI_CHECK_LIST/select|action: GetSelect
2023-03-30 14:15:39.7799||DEBUG|IdentityServer4.Hosting.CorsPolicyProvider|CORS request made for path: /api/link-qtht_nguoi_dung/select from origin: http://localhost:3000 but was ignored because path was not for an allowed IdentityServer CORS endpoint |url: http://localhost/api/link-qtht_nguoi_dung/select|action: GetSelect
2023-03-30 14:15:39.7799||DEBUG|IdentityServer4.Hosting.CorsPolicyProvider|CORS request made for path: /api/link-GC_LICH_HANG_NGAY/ from origin: http://localhost:3000 but was ignored because path was not for an allowed IdentityServer CORS endpoint |url: http://localhost/api/link-GC_LICH_HANG_NGAY/|action: Get
2023-03-30 14:15:39.7910||DEBUG|IdentityServer4.Hosting.CorsPolicyProvider|CORS request made for path: /api/link-GC_CONG_VIEC_PHAN_CONG/select from origin: http://localhost:3000 but was ignored because path was not for an allowed IdentityServer CORS endpoint |url: http://localhost/api/link-GC_CONG_VIEC_PHAN_CONG/select|action: GetSelect
2023-03-30 14:15:43.2581||DEBUG|IdentityServer4.Hosting.CorsPolicyProvider|CORS request made for path: /api/link-qtht_nguoi_dung/select from origin: http://localhost:3000 but was ignored because path was not for an allowed IdentityServer CORS endpoint |url: http://localhost/api/link-qtht_nguoi_dung/select|action: GetSelect
2023-03-30 14:15:43.2581||DEBUG|IdentityServer4.Hosting.CorsPolicyProvider|CORS request made for path: /api/link-GC_LICH_TUAN/ from origin: http://localhost:3000 but was ignored because path was not for an allowed IdentityServer CORS endpoint |url: http://localhost/api/link-GC_LICH_TUAN/|action: Get
2023-03-30 14:15:44.7590||DEBUG|IdentityServer4.Hosting.CorsPolicyProvider|CORS request made for path: /api/link-GC_LICH_TUAN/ from origin: http://localhost:3000 but was ignored because path was not for an allowed IdentityServer CORS endpoint |url: http://localhost/api/link-GC_LICH_TUAN/|action: Get
2023-03-30 14:16:27.1193||DEBUG|IdentityServer4.Hosting.CorsPolicyProvider|CORS request made for path: /api/link-qtht_nguoi_dung/select from origin: http://localhost:3000 but was ignored because path was not for an allowed IdentityServer CORS endpoint |url: http://localhost/api/link-qtht_nguoi_dung/select|action: GetSelect
2023-03-30 14:16:27.1193||DEBUG|IdentityServer4.Hosting.CorsPolicyProvider|CORS request made for path: /api/link-GC_CONG_VIEC_PHAN_CONG/select from origin: http://localhost:3000 but was ignored because path was not for an allowed IdentityServer CORS endpoint |url: http://localhost/api/link-GC_CONG_VIEC_PHAN_CONG/select|action: GetSelect
2023-03-30 14:16:27.1508||DEBUG|IdentityServer4.Hosting.CorsPolicyProvider|CORS request made for path: /api/link-GC_LICH_HANG_NGAY/ from origin: http://localhost:3000 but was ignored because path was not for an allowed IdentityServer CORS endpoint |url: http://localhost/api/link-GC_LICH_HANG_NGAY/|action: Get
2023-03-30 14:24:09.9806||DEBUG|IdentityServer4.Hosting.CorsPolicyProvider|CORS request made for path: /api/link-ClientCorsOrigins/ from origin: http://localhost:3000 but was ignored because path was not for an allowed IdentityServer CORS endpoint |url: http://localhost/api/link-ClientCorsOrigins/|action: Get
2023-03-30 14:24:10.0115||DEBUG|IdentityServer4.Hosting.CorsPolicyProvider|CORS request made for path: /api/link-Clients/select from origin: http://localhost:3000 but was ignored because path was not for an allowed IdentityServer CORS endpoint |url: http://localhost/api/link-Clients/select|action: GetSelect
2023-03-30 14:24:10.6061||DEBUG|IdentityServer4.Hosting.CorsPolicyProvider|CORS request made for path: /api/link-Clients/select from origin: http://localhost:3000 but was ignored because path was not for an allowed IdentityServer CORS endpoint |url: http://localhost/api/link-Clients/select|action: GetSelect
2023-03-30 14:24:46.5884||DEBUG|IdentityServer4.Hosting.CorsPolicyProvider|CORS request made for path: /api/link-GC_CONG_VIEC_PHAN_CONG/select from origin: http://localhost:3000 but was ignored because path was not for an allowed IdentityServer CORS endpoint |url: http://localhost/api/link-GC_CONG_VIEC_PHAN_CONG/select|action: GetSelect
2023-03-30 14:24:46.6522||DEBUG|IdentityServer4.Hosting.CorsPolicyProvider|CORS request made for path: /api/link-qtht_nguoi_dung/select from origin: http://localhost:3000 but was ignored because path was not for an allowed IdentityServer CORS endpoint |url: http://localhost/api/link-qtht_nguoi_dung/select|action: GetSelect
2023-03-30 14:24:46.7513||DEBUG|IdentityServer4.Hosting.CorsPolicyProvider|CORS request made for path: /api/link-GC_LICH_HANG_NGAY/ from origin: http://localhost:3000 but was ignored because path was not for an allowed IdentityServer CORS endpoint |url: http://localhost/api/link-GC_LICH_HANG_NGAY/|action: Get
2023-03-30 14:31:21.6639||DEBUG|IdentityServer4.Hosting.CorsPolicyProvider|CORS request made for path: /api/link-ClientCorsOrigins/ from origin: http://localhost:3000 but was ignored because path was not for an allowed IdentityServer CORS endpoint |url: http://localhost/api/link-ClientCorsOrigins/|action: Get
2023-03-30 14:31:21.6639||DEBUG|IdentityServer4.Hosting.CorsPolicyProvider|CORS request made for path: /api/link-Clients/select from origin: http://localhost:3000 but was ignored because path was not for an allowed IdentityServer CORS endpoint |url: http://localhost/api/link-Clients/select|action: GetSelect
2023-03-30 14:31:22.3677||DEBUG|IdentityServer4.Hosting.CorsPolicyProvider|CORS request made for path: /api/link-Clients/select from origin: http://localhost:3000 but was ignored because path was not for an allowed IdentityServer CORS endpoint |url: http://localhost/api/link-Clients/select|action: GetSelect
2023-03-30 14:31:25.0141||DEBUG|IdentityServer4.Hosting.CorsPolicyProvider|CORS request made for path: /api/link-GC_LICH_HANG_NGAY/ from origin: http://localhost:3000 but was ignored because path was not for an allowed IdentityServer CORS endpoint |url: http://localhost/api/link-GC_LICH_HANG_NGAY/|action: Get
2023-03-30 14:31:25.0267||DEBUG|IdentityServer4.Hosting.CorsPolicyProvider|CORS request made for path: /api/link-qtht_nguoi_dung/select from origin: http://localhost:3000 but was ignored because path was not for an allowed IdentityServer CORS endpoint |url: http://localhost/api/link-qtht_nguoi_dung/select|action: GetSelect
2023-03-30 14:31:25.0550||DEBUG|IdentityServer4.Hosting.CorsPolicyProvider|CORS request made for path: /api/link-GC_CONG_VIEC_PHAN_CONG/select from origin: http://localhost:3000 but was ignored because path was not for an allowed IdentityServer CORS endpoint |url: http://localhost/api/link-GC_CONG_VIEC_PHAN_CONG/select|action: GetSelect
2023-03-30 15:11:51.7336||DEBUG|IdentityServer4.Hosting.CorsPolicyProvider|CORS request made for path: /api/link-ClientCorsOrigins/ from origin: http://localhost:3000 but was ignored because path was not for an allowed IdentityServer CORS endpoint |url: http://localhost/api/link-ClientCorsOrigins/|action: Get
2023-03-30 15:11:51.7633||DEBUG|IdentityServer4.Hosting.CorsPolicyProvider|CORS request made for path: /api/link-Clients/select from origin: http://localhost:3000 but was ignored because path was not for an allowed IdentityServer CORS endpoint |url: http://localhost/api/link-Clients/select|action: GetSelect
2023-03-30 15:11:52.9769||DEBUG|IdentityServer4.Hosting.CorsPolicyProvider|CORS request made for path: /api/link-Clients/select from origin: http://localhost:3000 but was ignored because path was not for an allowed IdentityServer CORS endpoint |url: http://localhost/api/link-Clients/select|action: GetSelect
2023-03-30 15:11:55.1338||DEBUG|IdentityServer4.Hosting.CorsPolicyProvider|CORS request made for path: /api/link-GC_LICH_HANG_NGAY/ from origin: http://localhost:3000 but was ignored because path was not for an allowed IdentityServer CORS endpoint |url: http://localhost/api/link-GC_LICH_HANG_NGAY/|action: Get
2023-03-30 15:11:55.1650||DEBUG|IdentityServer4.Hosting.CorsPolicyProvider|CORS request made for path: /api/link-qtht_nguoi_dung/select from origin: http://localhost:3000 but was ignored because path was not for an allowed IdentityServer CORS endpoint |url: http://localhost/api/link-qtht_nguoi_dung/select|action: GetSelect
2023-03-30 15:11:55.1650||DEBUG|IdentityServer4.Hosting.CorsPolicyProvider|CORS request made for path: /api/link-GC_CONG_VIEC_PHAN_CONG/select from origin: http://localhost:3000 but was ignored because path was not for an allowed IdentityServer CORS endpoint |url: http://localhost/api/link-GC_CONG_VIEC_PHAN_CONG/select|action: GetSelect
2023-03-30 15:12:00.3982||DEBUG|IdentityServer4.Hosting.CorsPolicyProvider|CORS request made for path: /api/link-GC_LICH_HANG_NGAY/ from origin: http://localhost:3000 but was ignored because path was not for an allowed IdentityServer CORS endpoint |url: http://localhost/api/link-GC_LICH_HANG_NGAY/|action: Get
2023-03-30 15:12:00.9996||DEBUG|IdentityServer4.Hosting.CorsPolicyProvider|CORS request made for path: /api/link-GC_LICH_HANG_NGAY/ from origin: http://localhost:3000 but was ignored because path was not for an allowed IdentityServer CORS endpoint |url: http://localhost/api/link-GC_LICH_HANG_NGAY/|action: Get
2023-03-30 15:12:01.5576||DEBUG|IdentityServer4.Hosting.CorsPolicyProvider|CORS request made for path: /api/link-GC_LICH_HANG_NGAY/ from origin: http://localhost:3000 but was ignored because path was not for an allowed IdentityServer CORS endpoint |url: http://localhost/api/link-GC_LICH_HANG_NGAY/|action: Get
2023-03-30 15:13:51.0780||DEBUG|IdentityServer4.Hosting.CorsPolicyProvider|CORS request made for path: /api/link-GC_LICH_HANG_NGAY/ from origin: http://localhost:3000 but was ignored because path was not for an allowed IdentityServer CORS endpoint |url: http://localhost/api/link-GC_LICH_HANG_NGAY/|action: Get
2023-03-30 15:13:51.6023||DEBUG|IdentityServer4.Hosting.CorsPolicyProvider|CORS request made for path: /api/link-GC_LICH_HANG_NGAY/ from origin: http://localhost:3000 but was ignored because path was not for an allowed IdentityServer CORS endpoint |url: http://localhost/api/link-GC_LICH_HANG_NGAY/|action: Get
2023-03-30 15:13:52.2752||DEBUG|IdentityServer4.Hosting.CorsPolicyProvider|CORS request made for path: /api/link-GC_LICH_HANG_NGAY/ from origin: http://localhost:3000 but was ignored because path was not for an allowed IdentityServer CORS endpoint |url: http://localhost/api/link-GC_LICH_HANG_NGAY/|action: Get
2023-03-30 15:13:52.6967||DEBUG|IdentityServer4.Hosting.CorsPolicyProvider|CORS request made for path: /api/link-GC_LICH_HANG_NGAY/ from origin: http://localhost:3000 but was ignored because path was not for an allowed IdentityServer CORS endpoint |url: http://localhost/api/link-GC_LICH_HANG_NGAY/|action: Get
2023-03-30 15:14:20.6831||INFO|IdentityServer4.EntityFramework.TokenCleanupService|Removing 0 grants |url: |action: 
2023-03-30 15:14:20.7370||INFO|IdentityServer4.EntityFramework.TokenCleanupService|Removing 0 device flow codes |url: |action: 
2023-03-30 15:21:44.4145||DEBUG|IdentityServer4.Hosting.CorsPolicyProvider|CORS request made for path: /api/link-GC_LICH_HANG_NGAY/ from origin: http://localhost:3000 but was ignored because path was not for an allowed IdentityServer CORS endpoint |url: http://localhost/api/link-GC_LICH_HANG_NGAY/|action: Get
2023-03-30 15:21:45.0634||DEBUG|IdentityServer4.Hosting.CorsPolicyProvider|CORS request made for path: /api/link-GC_LICH_HANG_NGAY/ from origin: http://localhost:3000 but was ignored because path was not for an allowed IdentityServer CORS endpoint |url: http://localhost/api/link-GC_LICH_HANG_NGAY/|action: Get
2023-03-30 15:21:45.6180||DEBUG|IdentityServer4.Hosting.CorsPolicyProvider|CORS request made for path: /api/link-GC_LICH_HANG_NGAY/ from origin: http://localhost:3000 but was ignored because path was not for an allowed IdentityServer CORS endpoint |url: http://localhost/api/link-GC_LICH_HANG_NGAY/|action: Get
2023-03-30 15:21:45.9615||DEBUG|IdentityServer4.Hosting.CorsPolicyProvider|CORS request made for path: /api/link-GC_LICH_HANG_NGAY/ from origin: http://localhost:3000 but was ignored because path was not for an allowed IdentityServer CORS endpoint |url: http://localhost/api/link-GC_LICH_HANG_NGAY/|action: Get
2023-03-30 15:21:46.3536||DEBUG|IdentityServer4.Hosting.CorsPolicyProvider|CORS request made for path: /api/link-GC_LICH_HANG_NGAY/ from origin: http://localhost:3000 but was ignored because path was not for an allowed IdentityServer CORS endpoint |url: http://localhost/api/link-GC_LICH_HANG_NGAY/|action: Get
2023-03-30 15:21:46.7153||DEBUG|IdentityServer4.Hosting.CorsPolicyProvider|CORS request made for path: /api/link-GC_LICH_HANG_NGAY/ from origin: http://localhost:3000 but was ignored because path was not for an allowed IdentityServer CORS endpoint |url: http://localhost/api/link-GC_LICH_HANG_NGAY/|action: Get
2023-03-30 15:21:47.0954||DEBUG|IdentityServer4.Hosting.CorsPolicyProvider|CORS request made for path: /api/link-GC_LICH_HANG_NGAY/ from origin: http://localhost:3000 but was ignored because path was not for an allowed IdentityServer CORS endpoint |url: http://localhost/api/link-GC_LICH_HANG_NGAY/|action: Get
2023-03-30 15:21:47.5901||DEBUG|IdentityServer4.Hosting.CorsPolicyProvider|CORS request made for path: /api/link-GC_LICH_HANG_NGAY/ from origin: http://localhost:3000 but was ignored because path was not for an allowed IdentityServer CORS endpoint |url: http://localhost/api/link-GC_LICH_HANG_NGAY/|action: Get
2023-03-30 15:21:50.9399||DEBUG|IdentityServer4.Hosting.CorsPolicyProvider|CORS request made for path: /api/link-GC_CONG_VIEC_PHAN_CONG/select from origin: http://localhost:3000 but was ignored because path was not for an allowed IdentityServer CORS endpoint |url: http://localhost/api/link-GC_CONG_VIEC_PHAN_CONG/select|action: GetSelect
2023-03-30 15:21:50.9465||DEBUG|IdentityServer4.Hosting.CorsPolicyProvider|CORS request made for path: /api/link-GC_LICH_HANG_NGAY/ from origin: http://localhost:3000 but was ignored because path was not for an allowed IdentityServer CORS endpoint |url: http://localhost/api/link-GC_LICH_HANG_NGAY/|action: Get
2023-03-30 15:21:50.9649||DEBUG|IdentityServer4.Hosting.CorsPolicyProvider|CORS request made for path: /api/link-qtht_nguoi_dung/select from origin: http://localhost:3000 but was ignored because path was not for an allowed IdentityServer CORS endpoint |url: http://localhost/api/link-qtht_nguoi_dung/select|action: GetSelect
2023-03-30 15:34:35.1212||DEBUG|IdentityServer4.Hosting.CorsPolicyProvider|CORS request made for path: /api/link-GC_LICH_HANG_NGAY/ from origin: http://localhost:3000 but was ignored because path was not for an allowed IdentityServer CORS endpoint |url: http://localhost/api/link-GC_LICH_HANG_NGAY/|action: Get
2023-03-30 15:34:35.1525||DEBUG|IdentityServer4.Hosting.CorsPolicyProvider|CORS request made for path: /api/link-qtht_nguoi_dung/select from origin: http://localhost:3000 but was ignored because path was not for an allowed IdentityServer CORS endpoint |url: http://localhost/api/link-qtht_nguoi_dung/select|action: GetSelect
2023-03-30 15:34:35.2547||DEBUG|IdentityServer4.Hosting.CorsPolicyProvider|CORS request made for path: /api/link-GC_CONG_VIEC_PHAN_CONG/select from origin: http://localhost:3000 but was ignored because path was not for an allowed IdentityServer CORS endpoint |url: http://localhost/api/link-GC_CONG_VIEC_PHAN_CONG/select|action: GetSelect
2023-03-30 15:34:36.0475||DEBUG|IdentityServer4.Hosting.CorsPolicyProvider|CORS request made for path: /api/link-qtht_nguoi_dung/select from origin: http://localhost:3000 but was ignored because path was not for an allowed IdentityServer CORS endpoint |url: http://localhost/api/link-qtht_nguoi_dung/select|action: GetSelect
2023-03-30 15:34:36.0552||DEBUG|IdentityServer4.Hosting.CorsPolicyProvider|CORS request made for path: /api/link-GC_CONG_VIEC_PHAN_CONG/select from origin: http://localhost:3000 but was ignored because path was not for an allowed IdentityServer CORS endpoint |url: http://localhost/api/link-GC_CONG_VIEC_PHAN_CONG/select|action: GetSelect
2023-03-30 15:34:45.7114||DEBUG|IdentityServer4.Hosting.CorsPolicyProvider|CORS request made for path: /api/link-GC_LICH_HANG_NGAY/ from origin: http://localhost:3000 but was ignored because path was not for an allowed IdentityServer CORS endpoint |url: http://localhost/api/link-GC_LICH_HANG_NGAY/|action: Get
2023-03-30 15:34:45.7278||DEBUG|IdentityServer4.Hosting.CorsPolicyProvider|CORS request made for path: /api/link-qtht_nguoi_dung/select from origin: http://localhost:3000 but was ignored because path was not for an allowed IdentityServer CORS endpoint |url: http://localhost/api/link-qtht_nguoi_dung/select|action: GetSelect
2023-03-30 15:34:45.8524||DEBUG|IdentityServer4.Hosting.CorsPolicyProvider|CORS request made for path: /api/link-GC_CONG_VIEC_PHAN_CONG/select from origin: http://localhost:3000 but was ignored because path was not for an allowed IdentityServer CORS endpoint |url: http://localhost/api/link-GC_CONG_VIEC_PHAN_CONG/select|action: GetSelect
2023-03-30 15:35:00.2126||DEBUG|IdentityServer4.Hosting.CorsPolicyProvider|CORS request made for path: /api/link-qtht_nguoi_dung/select from origin: http://localhost:3000 but was ignored because path was not for an allowed IdentityServer CORS endpoint |url: http://localhost/api/link-qtht_nguoi_dung/select|action: GetSelect
2023-03-30 15:35:00.2126||DEBUG|IdentityServer4.Hosting.CorsPolicyProvider|CORS request made for path: /api/link-GC_LICH_HANG_NGAY/ from origin: http://localhost:3000 but was ignored because path was not for an allowed IdentityServer CORS endpoint |url: http://localhost/api/link-GC_LICH_HANG_NGAY/|action: Get
2023-03-30 15:35:00.2126||DEBUG|IdentityServer4.Hosting.CorsPolicyProvider|CORS request made for path: /api/link-GC_CONG_VIEC_PHAN_CONG/select from origin: http://localhost:3000 but was ignored because path was not for an allowed IdentityServer CORS endpoint |url: http://localhost/api/link-GC_CONG_VIEC_PHAN_CONG/select|action: GetSelect
