2023-04-14 12:22:51.8619||DEBUG|App.Api.Program|init main |url: |action: 
2023-04-14 12:23:04.6849||INFO|IdentityServer4.Startup|Starting IdentityServer4 version 4.1.1+cebd52f5bc61bdefc262fd20739d4d087c6f961f |url: |action: 
2023-04-14 12:23:04.7363||INFO|IdentityServer4.Startup|Using the default authentication scheme oidc for IdentityServer |url: |action: 
2023-04-14 12:23:04.7363||DEBUG|IdentityServer4.Startup|Using oidc as default ASP.NET Core scheme for authentication |url: |action: 
2023-04-14 12:23:04.7363||DEBUG|IdentityServer4.Startup|Using oidc as default ASP.NET Core scheme for sign-in |url: |action: 
2023-04-14 12:23:04.7363||DEBUG|IdentityServer4.Startup|Using oidc as default ASP.NET Core scheme for sign-out |url: |action: 
2023-04-14 12:23:04.7363||DEBUG|IdentityServer4.Startup|Using oidc as default ASP.NET Core scheme for challenge |url: |action: 
2023-04-14 12:23:04.7363||DEBUG|IdentityServer4.Startup|Using oidc as default ASP.NET Core scheme for forbid |url: |action: 
2023-04-14 12:23:08.7407||DEBUG|IdentityServer4.Startup|Login Url: /Account/Login |url: https://localhost/|action: Index
2023-04-14 12:23:08.7407||DEBUG|IdentityServer4.Startup|Login Return Url Parameter: ReturnUrl |url: https://localhost/|action: Index
2023-04-14 12:23:08.7407||DEBUG|IdentityServer4.Startup|Logout Url: /Account/Logout |url: https://localhost/|action: Index
2023-04-14 12:23:08.7514||DEBUG|IdentityServer4.Startup|ConsentUrl Url: /consent |url: https://localhost/|action: Index
2023-04-14 12:23:08.7514||DEBUG|IdentityServer4.Startup|Consent Return Url Parameter: returnUrl |url: https://localhost/|action: Index
2023-04-14 12:23:08.7514||DEBUG|IdentityServer4.Startup|Error Url: /home/error |url: https://localhost/|action: Index
2023-04-14 12:23:08.7514||DEBUG|IdentityServer4.Startup|Error Id Parameter: errorId |url: https://localhost/|action: Index
2023-04-14 12:24:51.8923||DEBUG|IdentityServer4.Hosting.CorsPolicyProvider|CORS request made for path: /api/link-GC_LICH_HANG_NGAY/ from origin: http://localhost:8087 but was ignored because path was not for an allowed IdentityServer CORS endpoint |url: http://localhost/api/link-GC_LICH_HANG_NGAY/|action: Get
2023-04-14 12:24:55.9383||DEBUG|IdentityServer4.Hosting.CorsPolicyProvider|CORS request made for path: /api/link-GC_LICH_HANG_NGAY/ from origin: http://localhost:8087 but was ignored because path was not for an allowed IdentityServer CORS endpoint |url: http://localhost/api/link-GC_LICH_HANG_NGAY/|action: Get
2023-04-14 12:25:23.6000||DEBUG|IdentityServer4.Hosting.CorsPolicyProvider|CORS request made for path: /api/link-GC_LICH_HANG_NGAY/ from origin: http://localhost:8087 but was ignored because path was not for an allowed IdentityServer CORS endpoint |url: http://localhost/api/link-GC_LICH_HANG_NGAY/|action: Get
2023-04-14 12:25:23.7880||DEBUG|IdentityServer4.Hosting.CorsPolicyProvider|CORS request made for path: /api/link-GC_LICH_HANG_NGAY/ from origin: http://localhost:8087 but was ignored because path was not for an allowed IdentityServer CORS endpoint |url: http://localhost/api/link-GC_LICH_HANG_NGAY/|action: Get
2023-04-14 12:25:36.0495||DEBUG|IdentityServer4.Hosting.CorsPolicyProvider|CORS request made for path: /api/link-GC_LICH_HANG_NGAY/ from origin: http://localhost:8087 but was ignored because path was not for an allowed IdentityServer CORS endpoint |url: http://localhost/api/link-GC_LICH_HANG_NGAY/|action: Get
2023-04-14 12:25:36.4551||DEBUG|IdentityServer4.Hosting.CorsPolicyProvider|CORS request made for path: /api/link-GC_LICH_HANG_NGAY/ from origin: http://localhost:8087 but was ignored because path was not for an allowed IdentityServer CORS endpoint |url: http://localhost/api/link-GC_LICH_HANG_NGAY/|action: Get
2023-04-14 12:25:39.0161||DEBUG|IdentityServer4.Hosting.CorsPolicyProvider|CORS request made for path: /api/link-GC_LICH_HANG_NGAY/ from origin: http://localhost:8087 but was ignored because path was not for an allowed IdentityServer CORS endpoint |url: http://localhost/api/link-GC_LICH_HANG_NGAY/|action: Get
2023-04-14 12:25:39.2680||DEBUG|IdentityServer4.Hosting.CorsPolicyProvider|CORS request made for path: /api/link-GC_LICH_HANG_NGAY/ from origin: http://localhost:8087 but was ignored because path was not for an allowed IdentityServer CORS endpoint |url: http://localhost/api/link-GC_LICH_HANG_NGAY/|action: Get
2023-04-14 12:26:05.5829||DEBUG|IdentityServer4.Hosting.CorsPolicyProvider|CORS request made for path: /api/link-GC_LICH_HANG_NGAY/77c2acd9-7675-45e4-ea50-08db37524b1f from origin: http://localhost:8087 but was ignored because path was not for an allowed IdentityServer CORS endpoint |url: http://localhost/api/link-GC_LICH_HANG_NGAY/77c2acd9-7675-45e4-ea50-08db37524b1f|action: GetById
2023-04-14 12:26:05.6262||DEBUG|IdentityServer4.Hosting.CorsPolicyProvider|CORS request made for path: /api/link-qtht_nguoi_dung/select from origin: http://localhost:8087 but was ignored because path was not for an allowed IdentityServer CORS endpoint |url: http://localhost/api/link-qtht_nguoi_dung/select|action: GetSelect
2023-04-14 12:26:05.7229||DEBUG|IdentityServer4.Hosting.CorsPolicyProvider|CORS request made for path: /api/link-GC_CONG_VIEC_PHAN_CONG/select from origin: http://localhost:8087 but was ignored because path was not for an allowed IdentityServer CORS endpoint |url: http://localhost/api/link-GC_CONG_VIEC_PHAN_CONG/select|action: GetSelect
2023-04-14 12:26:29.2129||DEBUG|IdentityServer4.Hosting.CorsPolicyProvider|CORS request made for path: /api/link-GC_LICH_HANG_NGAY/257829ec-f266-47d5-e4f3-08db3a38fbec from origin: http://localhost:8087 but was ignored because path was not for an allowed IdentityServer CORS endpoint |url: http://localhost/api/link-GC_LICH_HANG_NGAY/257829ec-f266-47d5-e4f3-08db3a38fbec|action: GetById
2023-04-14 12:26:29.2129||DEBUG|IdentityServer4.Hosting.CorsPolicyProvider|CORS request made for path: /api/link-qtht_nguoi_dung/select from origin: http://localhost:8087 but was ignored because path was not for an allowed IdentityServer CORS endpoint |url: http://localhost/api/link-qtht_nguoi_dung/select|action: GetSelect
2023-04-14 12:26:29.3486||DEBUG|IdentityServer4.Hosting.CorsPolicyProvider|CORS request made for path: /api/link-GC_CONG_VIEC_PHAN_CONG/select from origin: http://localhost:8087 but was ignored because path was not for an allowed IdentityServer CORS endpoint |url: http://localhost/api/link-GC_CONG_VIEC_PHAN_CONG/select|action: GetSelect
2023-04-14 12:26:31.2988||DEBUG|IdentityServer4.Hosting.CorsPolicyProvider|CORS request made for path: /api/link-GC_LICH_HANG_NGAY/ from origin: http://localhost:8087 but was ignored because path was not for an allowed IdentityServer CORS endpoint |url: http://localhost/api/link-GC_LICH_HANG_NGAY/|action: Get
2023-04-14 12:26:31.3299||DEBUG|IdentityServer4.Hosting.CorsPolicyProvider|CORS request made for path: /api/link-GC_LICH_HANG_NGAY/257829ec-f266-47d5-e4f3-08db3a38fbec from origin: http://localhost:8087 but was ignored because path was not for an allowed IdentityServer CORS endpoint |url: http://localhost/api/link-GC_LICH_HANG_NGAY/257829ec-f266-47d5-e4f3-08db3a38fbec|action: Update
2023-04-14 12:26:32.6983|20102|ERROR|Microsoft.EntityFrameworkCore.Database.Command|Failed executing DbCommand (17ms) [Parameters=[@p0='?' (DbType = Guid), @p1='?' (DbType = Guid), @p2='?' (Size = 4000), @p3='?' (Size = 4000), @p4='?' (Size = 4000), @p5='?' (DbType = Boolean), @p6='?' (DbType = DateTime2), @p7='?' (DbType = DateTime2), @p8='?' (DbType = Guid), @p9='?' (DbType = Guid), @p10='?' (DbType = Guid), @p11='?' (Size = 4000)], CommandType='Text', CommandTimeout='30']
SET NOCOUNT ON;
INSERT INTO [qtht_nhat_ky_he_thong] ([id], [ban_ghi_id], [bang], [duong_dan], [hanh_dong], [is_deleted], [ngay_chinh_sua], [ngay_tao], [nguoi_chinh_sua_id], [nguoi_tao_id], [nguoi_thuc_hien_id], [noi_dung])
VALUES (@p0, @p1, @p2, @p3, @p4, @p5, @p6, @p7, @p8, @p9, @p10, @p11); |url: http://localhost/api/link-GC_LICH_HANG_NGAY/257829ec-f266-47d5-e4f3-08db3a38fbec|action: Update
2023-04-14 12:26:32.7760|10000|ERROR|Microsoft.EntityFrameworkCore.Update|An exception occurred in the database while saving changes for context type 'App.Data.APPContext'.
Microsoft.EntityFrameworkCore.DbUpdateException: An error occurred while updating the entries. See the inner exception for details.
 ---> Microsoft.Data.SqlClient.SqlException (0x80131904): The INSERT statement conflicted with the FOREIGN KEY constraint "FK_qtht_nhat_ky_he_thong_qtht_nguoi_dung_nguoi_thuc_hien_id". The conflict occurred in database "GC_CONGVIEC", table "dbo.qtht_nguoi_dung", column 'id'.
The statement has been terminated.
   at Microsoft.Data.SqlClient.SqlConnection.OnError(SqlException exception, Boolean breakConnection, Action`1 wrapCloseInAction)
   at Microsoft.Data.SqlClient.TdsParser.ThrowExceptionAndWarning(TdsParserStateObject stateObj, Boolean callerHasConnectionLock, Boolean asyncClose)
   at Microsoft.Data.SqlClient.TdsParser.TryRun(RunBehavior runBehavior, SqlCommand cmdHandler, SqlDataReader dataStream, BulkCopySimpleResultSet bulkCopyHandler, TdsParserStateObject stateObj, Boolean& dataReady)
   at Microsoft.Data.SqlClient.SqlDataReader.TryConsumeMetaData()
   at Microsoft.Data.SqlClient.SqlDataReader.get_MetaData()
   at Microsoft.Data.SqlClient.SqlCommand.FinishExecuteReader(SqlDataReader ds, RunBehavior runBehavior, String resetOptionsString, Boolean isInternal, Boolean forDescribeParameterEncryption, Boolean shouldCacheForAlwaysEncrypted)
   at Microsoft.Data.SqlClient.SqlCommand.RunExecuteReaderTds(CommandBehavior cmdBehavior, RunBehavior runBehavior, Boolean returnStream, Boolean isAsync, Int32 timeout, Task& task, Boolean asyncWrite, Boolean inRetry, SqlDataReader ds, Boolean describeParameterEncryptionRequest)
   at Microsoft.Data.SqlClient.SqlCommand.RunExecuteReader(CommandBehavior cmdBehavior, RunBehavior runBehavior, Boolean returnStream, TaskCompletionSource`1 completion, Int32 timeout, Task& task, Boolean& usedCache, Boolean asyncWrite, Boolean inRetry, String method)
   at Microsoft.Data.SqlClient.SqlCommand.ExecuteReader(CommandBehavior behavior)
   at Microsoft.EntityFrameworkCore.Storage.RelationalCommand.ExecuteReader(RelationalCommandParameterObject parameterObject)
   at Microsoft.EntityFrameworkCore.Update.ReaderModificationCommandBatch.Execute(IRelationalConnection connection)
ClientConnectionId:1dc05d6f-430f-40b5-a386-4ea99e037257
Error Number:547,State:0,Class:16
   --- End of inner exception stack trace ---
   at Microsoft.EntityFrameworkCore.Update.ReaderModificationCommandBatch.Execute(IRelationalConnection connection)
   at Microsoft.EntityFrameworkCore.Update.Internal.BatchExecutor.Execute(IEnumerable`1 commandBatches, IRelationalConnection connection)
   at Microsoft.EntityFrameworkCore.ChangeTracking.Internal.StateManager.SaveChanges(IList`1 entriesToSave)
   at Microsoft.EntityFrameworkCore.ChangeTracking.Internal.StateManager.SaveChanges(DbContext _, Boolean acceptAllChangesOnSuccess)
   at Microsoft.EntityFrameworkCore.SqlServer.Storage.Internal.SqlServerExecutionStrategy.Execute[TState,TResult](TState state, Func`3 operation, Func`3 verifySucceeded)
   at Microsoft.EntityFrameworkCore.DbContext.SaveChanges(Boolean acceptAllChangesOnSuccess) Microsoft.EntityFrameworkCore.DbUpdateException: An error occurred while updating the entries. See the inner exception for details.
 ---> Microsoft.Data.SqlClient.SqlException (0x80131904): The INSERT statement conflicted with the FOREIGN KEY constraint "FK_qtht_nhat_ky_he_thong_qtht_nguoi_dung_nguoi_thuc_hien_id". The conflict occurred in database "GC_CONGVIEC", table "dbo.qtht_nguoi_dung", column 'id'.
The statement has been terminated.
   at Microsoft.Data.SqlClient.SqlConnection.OnError(SqlException exception, Boolean breakConnection, Action`1 wrapCloseInAction)
   at Microsoft.Data.SqlClient.TdsParser.ThrowExceptionAndWarning(TdsParserStateObject stateObj, Boolean callerHasConnectionLock, Boolean asyncClose)
   at Microsoft.Data.SqlClient.TdsParser.TryRun(RunBehavior runBehavior, SqlCommand cmdHandler, SqlDataReader dataStream, BulkCopySimpleResultSet bulkCopyHandler, TdsParserStateObject stateObj, Boolean& dataReady)
   at Microsoft.Data.SqlClient.SqlDataReader.TryConsumeMetaData()
   at Microsoft.Data.SqlClient.SqlDataReader.get_MetaData()
   at Microsoft.Data.SqlClient.SqlCommand.FinishExecuteReader(SqlDataReader ds, RunBehavior runBehavior, String resetOptionsString, Boolean isInternal, Boolean forDescribeParameterEncryption, Boolean shouldCacheForAlwaysEncrypted)
   at Microsoft.Data.SqlClient.SqlCommand.RunExecuteReaderTds(CommandBehavior cmdBehavior, RunBehavior runBehavior, Boolean returnStream, Boolean isAsync, Int32 timeout, Task& task, Boolean asyncWrite, Boolean inRetry, SqlDataReader ds, Boolean describeParameterEncryptionRequest)
   at Microsoft.Data.SqlClient.SqlCommand.RunExecuteReader(CommandBehavior cmdBehavior, RunBehavior runBehavior, Boolean returnStream, TaskCompletionSource`1 completion, Int32 timeout, Task& task, Boolean& usedCache, Boolean asyncWrite, Boolean inRetry, String method)
   at Microsoft.Data.SqlClient.SqlCommand.ExecuteReader(CommandBehavior behavior)
   at Microsoft.EntityFrameworkCore.Storage.RelationalCommand.ExecuteReader(RelationalCommandParameterObject parameterObject)
   at Microsoft.EntityFrameworkCore.Update.ReaderModificationCommandBatch.Execute(IRelationalConnection connection)
ClientConnectionId:1dc05d6f-430f-40b5-a386-4ea99e037257
Error Number:547,State:0,Class:16
   --- End of inner exception stack trace ---
   at Microsoft.EntityFrameworkCore.Update.ReaderModificationCommandBatch.Execute(IRelationalConnection connection)
   at Microsoft.EntityFrameworkCore.Update.Internal.BatchExecutor.Execute(IEnumerable`1 commandBatches, IRelationalConnection connection)
   at Microsoft.EntityFrameworkCore.ChangeTracking.Internal.StateManager.SaveChanges(IList`1 entriesToSave)
   at Microsoft.EntityFrameworkCore.ChangeTracking.Internal.StateManager.SaveChanges(DbContext _, Boolean acceptAllChangesOnSuccess)
   at Microsoft.EntityFrameworkCore.SqlServer.Storage.Internal.SqlServerExecutionStrategy.Execute[TState,TResult](TState state, Func`3 operation, Func`3 verifySucceeded)
   at Microsoft.EntityFrameworkCore.DbContext.SaveChanges(Boolean acceptAllChangesOnSuccess)|url: http://localhost/api/link-GC_LICH_HANG_NGAY/257829ec-f266-47d5-e4f3-08db3a38fbec|action: Update
2023-04-14 12:26:32.9705||DEBUG|IdentityServer4.Hosting.CorsPolicyProvider|CORS request made for path: /api/link-GC_LICH_HANG_NGAY/ from origin: http://localhost:8087 but was ignored because path was not for an allowed IdentityServer CORS endpoint |url: http://localhost/api/link-GC_LICH_HANG_NGAY/|action: Get
2023-04-14 12:26:36.5953||DEBUG|IdentityServer4.Hosting.CorsPolicyProvider|CORS request made for path: /api/link-GC_CONG_VIEC_PHAN_CONG/select from origin: http://localhost:8087 but was ignored because path was not for an allowed IdentityServer CORS endpoint |url: http://localhost/api/link-GC_CONG_VIEC_PHAN_CONG/select|action: GetSelect
2023-04-14 12:26:36.5953||DEBUG|IdentityServer4.Hosting.CorsPolicyProvider|CORS request made for path: /api/link-qtht_nguoi_dung/select from origin: http://localhost:8087 but was ignored because path was not for an allowed IdentityServer CORS endpoint |url: http://localhost/api/link-qtht_nguoi_dung/select|action: GetSelect
2023-04-14 12:26:36.5953||DEBUG|IdentityServer4.Hosting.CorsPolicyProvider|CORS request made for path: /api/link-GC_LICH_HANG_NGAY/257829ec-f266-47d5-e4f3-08db3a38fbec from origin: http://localhost:8087 but was ignored because path was not for an allowed IdentityServer CORS endpoint |url: http://localhost/api/link-GC_LICH_HANG_NGAY/257829ec-f266-47d5-e4f3-08db3a38fbec|action: GetById
2023-04-14 12:26:39.9711||DEBUG|IdentityServer4.Hosting.CorsPolicyProvider|CORS request made for path: /api/link-GC_CONG_VIEC_PHAN_CONG/select from origin: http://localhost:8087 but was ignored because path was not for an allowed IdentityServer CORS endpoint |url: http://localhost/api/link-GC_CONG_VIEC_PHAN_CONG/select|action: GetSelect
2023-04-14 12:26:39.9711||DEBUG|IdentityServer4.Hosting.CorsPolicyProvider|CORS request made for path: /api/link-qtht_nguoi_dung/select from origin: http://localhost:8087 but was ignored because path was not for an allowed IdentityServer CORS endpoint |url: http://localhost/api/link-qtht_nguoi_dung/select|action: GetSelect
2023-04-14 12:26:40.0126||DEBUG|IdentityServer4.Hosting.CorsPolicyProvider|CORS request made for path: /api/link-GC_LICH_HANG_NGAY/ from origin: http://localhost:8087 but was ignored because path was not for an allowed IdentityServer CORS endpoint |url: http://localhost/api/link-GC_LICH_HANG_NGAY/|action: Get
2023-04-14 12:26:40.2679||DEBUG|IdentityServer4.Hosting.CorsPolicyProvider|CORS request made for path: /api/link-GC_LICH_HANG_NGAY/257829ec-f266-47d5-e4f3-08db3a38fbec from origin: http://localhost:8087 but was ignored because path was not for an allowed IdentityServer CORS endpoint |url: http://localhost/api/link-GC_LICH_HANG_NGAY/257829ec-f266-47d5-e4f3-08db3a38fbec|action: GetById
2023-04-14 12:26:40.2679||DEBUG|IdentityServer4.Hosting.CorsPolicyProvider|CORS request made for path: /api/link-qtht_nguoi_dung/select from origin: http://localhost:8087 but was ignored because path was not for an allowed IdentityServer CORS endpoint |url: http://localhost/api/link-qtht_nguoi_dung/select|action: GetSelect
2023-04-14 12:26:40.2679||DEBUG|IdentityServer4.Hosting.CorsPolicyProvider|CORS request made for path: /api/link-GC_CONG_VIEC_PHAN_CONG/select from origin: http://localhost:8087 but was ignored because path was not for an allowed IdentityServer CORS endpoint |url: http://localhost/api/link-GC_CONG_VIEC_PHAN_CONG/select|action: GetSelect
2023-04-14 12:26:41.2731||DEBUG|IdentityServer4.Hosting.CorsPolicyProvider|CORS request made for path: /api/link-GC_LICH_HANG_NGAY/ from origin: http://localhost:8087 but was ignored because path was not for an allowed IdentityServer CORS endpoint |url: http://localhost/api/link-GC_LICH_HANG_NGAY/|action: Get
2023-04-14 12:26:41.4560||DEBUG|IdentityServer4.Hosting.CorsPolicyProvider|CORS request made for path: /api/link-GC_LICH_HANG_NGAY/ from origin: http://localhost:8087 but was ignored because path was not for an allowed IdentityServer CORS endpoint |url: http://localhost/api/link-GC_LICH_HANG_NGAY/|action: Get
2023-04-14 12:30:51.7674||DEBUG|IdentityServer4.Hosting.CorsPolicyProvider|CORS request made for path: /api/link-GC_LICH_HANG_NGAY/257829ec-f266-47d5-e4f3-08db3a38fbec from origin: http://localhost:8087 but was ignored because path was not for an allowed IdentityServer CORS endpoint |url: http://localhost/api/link-GC_LICH_HANG_NGAY/257829ec-f266-47d5-e4f3-08db3a38fbec|action: GetById
2023-04-14 12:30:51.7845||DEBUG|IdentityServer4.Hosting.CorsPolicyProvider|CORS request made for path: /api/link-GC_CONG_VIEC_PHAN_CONG/select from origin: http://localhost:8087 but was ignored because path was not for an allowed IdentityServer CORS endpoint |url: http://localhost/api/link-GC_CONG_VIEC_PHAN_CONG/select|action: GetSelect
2023-04-14 12:30:51.8292||DEBUG|IdentityServer4.Hosting.CorsPolicyProvider|CORS request made for path: /api/link-qtht_nguoi_dung/select from origin: http://localhost:8087 but was ignored because path was not for an allowed IdentityServer CORS endpoint |url: http://localhost/api/link-qtht_nguoi_dung/select|action: GetSelect
2023-04-14 12:32:29.9695||DEBUG|IdentityServer4.Hosting.CorsPolicyProvider|CORS request made for path: /api/link-qtht_nguoi_dung/select from origin: http://localhost:8087 but was ignored because path was not for an allowed IdentityServer CORS endpoint |url: http://localhost/api/link-qtht_nguoi_dung/select|action: GetSelect
2023-04-14 12:32:29.9844||DEBUG|IdentityServer4.Hosting.CorsPolicyProvider|CORS request made for path: /api/link-GC_CONG_VIEC_PHAN_CONG/select from origin: http://localhost:8087 but was ignored because path was not for an allowed IdentityServer CORS endpoint |url: http://localhost/api/link-GC_CONG_VIEC_PHAN_CONG/select|action: GetSelect
2023-04-14 12:32:29.9844||DEBUG|IdentityServer4.Hosting.CorsPolicyProvider|CORS request made for path: /api/link-GC_CHUC_NANG/select from origin: http://localhost:8087 but was ignored because path was not for an allowed IdentityServer CORS endpoint |url: http://localhost/api/link-GC_CHUC_NANG/select|action: GetSelect
2023-04-14 12:32:30.0505||DEBUG|IdentityServer4.Hosting.CorsPolicyProvider|CORS request made for path: /api/link-GC_VAN_DE_CAN_GIAI_QUYET/ from origin: http://localhost:8087 but was ignored because path was not for an allowed IdentityServer CORS endpoint |url: http://localhost/api/link-GC_VAN_DE_CAN_GIAI_QUYET/|action: Get
2023-04-14 12:32:30.0951||DEBUG|IdentityServer4.Hosting.CorsPolicyProvider|CORS request made for path: /api/link-qtht_nguoi_dung/select from origin: http://localhost:8087 but was ignored because path was not for an allowed IdentityServer CORS endpoint |url: http://localhost/api/link-qtht_nguoi_dung/select|action: GetSelect
2023-04-14 12:32:30.2110||DEBUG|IdentityServer4.Hosting.CorsPolicyProvider|CORS request made for path: /api/link-qtht_nguoi_dung/select from origin: http://localhost:8087 but was ignored because path was not for an allowed IdentityServer CORS endpoint |url: http://localhost/api/link-qtht_nguoi_dung/select|action: GetSelect
2023-04-14 12:32:31.7382||DEBUG|IdentityServer4.Hosting.CorsPolicyProvider|CORS request made for path: /api/link-qtht_nguoi_dung/select from origin: http://localhost:8087 but was ignored because path was not for an allowed IdentityServer CORS endpoint |url: http://localhost/api/link-qtht_nguoi_dung/select|action: GetSelect
2023-04-14 12:32:31.7382||DEBUG|IdentityServer4.Hosting.CorsPolicyProvider|CORS request made for path: /api/link-GC_CHUC_NANG/select from origin: http://localhost:8087 but was ignored because path was not for an allowed IdentityServer CORS endpoint |url: http://localhost/api/link-GC_CHUC_NANG/select|action: GetSelect
2023-04-14 12:32:31.8283||DEBUG|IdentityServer4.Hosting.CorsPolicyProvider|CORS request made for path: /api/link-qtht_nguoi_dung/select from origin: http://localhost:8087 but was ignored because path was not for an allowed IdentityServer CORS endpoint |url: http://localhost/api/link-qtht_nguoi_dung/select|action: GetSelect
2023-04-14 12:32:31.9731||DEBUG|IdentityServer4.Hosting.CorsPolicyProvider|CORS request made for path: /api/link-qtht_nguoi_dung/select from origin: http://localhost:8087 but was ignored because path was not for an allowed IdentityServer CORS endpoint |url: http://localhost/api/link-qtht_nguoi_dung/select|action: GetSelect
2023-04-14 12:32:40.5776||DEBUG|IdentityServer4.Hosting.CorsPolicyProvider|CORS request made for path: /api/link-GC_VAN_DE_CAN_GIAI_QUYET/ from origin: http://localhost:8087 but was ignored because path was not for an allowed IdentityServer CORS endpoint |url: http://localhost/api/link-GC_VAN_DE_CAN_GIAI_QUYET/|action: Get
2023-04-14 12:32:54.3131||DEBUG|IdentityServer4.Hosting.CorsPolicyProvider|CORS request made for path: /api/link-ClientCorsOrigins/ from origin: http://localhost:8087 but was ignored because path was not for an allowed IdentityServer CORS endpoint |url: http://localhost/api/link-ClientCorsOrigins/|action: Get
2023-04-14 12:32:54.3131||DEBUG|IdentityServer4.Hosting.CorsPolicyProvider|CORS request made for path: /api/link-Clients/select from origin: http://localhost:8087 but was ignored because path was not for an allowed IdentityServer CORS endpoint |url: http://localhost/api/link-Clients/select|action: GetSelect
2023-04-14 12:32:57.9000||DEBUG|IdentityServer4.Hosting.CorsPolicyProvider|CORS request made for path: /api/link-GC_CONG_VIEC_PHAN_CONG/select from origin: http://localhost:8087 but was ignored because path was not for an allowed IdentityServer CORS endpoint |url: http://localhost/api/link-GC_CONG_VIEC_PHAN_CONG/select|action: GetSelect
2023-04-14 12:32:57.9000||DEBUG|IdentityServer4.Hosting.CorsPolicyProvider|CORS request made for path: /api/link-GC_VAN_DE_CAN_GIAI_QUYET/ from origin: http://localhost:8087 but was ignored because path was not for an allowed IdentityServer CORS endpoint |url: http://localhost/api/link-GC_VAN_DE_CAN_GIAI_QUYET/|action: Get
2023-04-14 12:32:57.9136||DEBUG|IdentityServer4.Hosting.CorsPolicyProvider|CORS request made for path: /api/link-qtht_nguoi_dung/select from origin: http://localhost:8087 but was ignored because path was not for an allowed IdentityServer CORS endpoint |url: http://localhost/api/link-qtht_nguoi_dung/select|action: GetSelect
2023-04-14 12:32:57.9136||DEBUG|IdentityServer4.Hosting.CorsPolicyProvider|CORS request made for path: /api/link-GC_CHUC_NANG/select from origin: http://localhost:8087 but was ignored because path was not for an allowed IdentityServer CORS endpoint |url: http://localhost/api/link-GC_CHUC_NANG/select|action: GetSelect
2023-04-14 12:32:58.0485||DEBUG|IdentityServer4.Hosting.CorsPolicyProvider|CORS request made for path: /api/link-qtht_nguoi_dung/select from origin: http://localhost:8087 but was ignored because path was not for an allowed IdentityServer CORS endpoint |url: http://localhost/api/link-qtht_nguoi_dung/select|action: GetSelect
2023-04-14 12:32:58.1878||DEBUG|IdentityServer4.Hosting.CorsPolicyProvider|CORS request made for path: /api/link-qtht_nguoi_dung/select from origin: http://localhost:8087 but was ignored because path was not for an allowed IdentityServer CORS endpoint |url: http://localhost/api/link-qtht_nguoi_dung/select|action: GetSelect
2023-04-14 12:33:04.9692||DEBUG|IdentityServer4.Hosting.CorsPolicyProvider|CORS request made for path: /api/link-GC_LICH_TUAN/ from origin: http://localhost:8087 but was ignored because path was not for an allowed IdentityServer CORS endpoint |url: http://localhost/api/link-GC_LICH_TUAN/|action: Get
2023-04-14 12:33:04.9692||DEBUG|IdentityServer4.Hosting.CorsPolicyProvider|CORS request made for path: /api/link-qtht_nguoi_dung/select from origin: http://localhost:8087 but was ignored because path was not for an allowed IdentityServer CORS endpoint |url: http://localhost/api/link-qtht_nguoi_dung/select|action: GetSelect
2023-04-14 12:33:07.6574||DEBUG|IdentityServer4.Hosting.CorsPolicyProvider|CORS request made for path: /api/link-GC_VAN_DE_CAN_GIAI_QUYET/ from origin: http://localhost:8087 but was ignored because path was not for an allowed IdentityServer CORS endpoint |url: http://localhost/api/link-GC_VAN_DE_CAN_GIAI_QUYET/|action: Get
2023-04-14 12:33:07.6574||DEBUG|IdentityServer4.Hosting.CorsPolicyProvider|CORS request made for path: /api/link-qtht_nguoi_dung/select from origin: http://localhost:8087 but was ignored because path was not for an allowed IdentityServer CORS endpoint |url: http://localhost/api/link-qtht_nguoi_dung/select|action: GetSelect
2023-04-14 12:33:07.6720||DEBUG|IdentityServer4.Hosting.CorsPolicyProvider|CORS request made for path: /api/link-GC_CHUC_NANG/select from origin: http://localhost:8087 but was ignored because path was not for an allowed IdentityServer CORS endpoint |url: http://localhost/api/link-GC_CHUC_NANG/select|action: GetSelect
2023-04-14 12:33:07.6720||DEBUG|IdentityServer4.Hosting.CorsPolicyProvider|CORS request made for path: /api/link-GC_CONG_VIEC_PHAN_CONG/select from origin: http://localhost:8087 but was ignored because path was not for an allowed IdentityServer CORS endpoint |url: http://localhost/api/link-GC_CONG_VIEC_PHAN_CONG/select|action: GetSelect
2023-04-14 12:33:07.7831||DEBUG|IdentityServer4.Hosting.CorsPolicyProvider|CORS request made for path: /api/link-qtht_nguoi_dung/select from origin: http://localhost:8087 but was ignored because path was not for an allowed IdentityServer CORS endpoint |url: http://localhost/api/link-qtht_nguoi_dung/select|action: GetSelect
2023-04-14 12:33:07.9075||DEBUG|IdentityServer4.Hosting.CorsPolicyProvider|CORS request made for path: /api/link-qtht_nguoi_dung/select from origin: http://localhost:8087 but was ignored because path was not for an allowed IdentityServer CORS endpoint |url: http://localhost/api/link-qtht_nguoi_dung/select|action: GetSelect
2023-04-14 12:33:11.8014||DEBUG|IdentityServer4.Hosting.CorsPolicyProvider|CORS request made for path: /api/link-GC_VAN_DE_CAN_GIAI_QUYET/ from origin: http://localhost:8087 but was ignored because path was not for an allowed IdentityServer CORS endpoint |url: http://localhost/api/link-GC_VAN_DE_CAN_GIAI_QUYET/|action: Get
2023-04-14 12:33:12.7543||DEBUG|IdentityServer4.Hosting.CorsPolicyProvider|CORS request made for path: /api/link-GC_VAN_DE_CAN_GIAI_QUYET/ from origin: http://localhost:8087 but was ignored because path was not for an allowed IdentityServer CORS endpoint |url: http://localhost/api/link-GC_VAN_DE_CAN_GIAI_QUYET/|action: Get
2023-04-14 12:33:29.9066||DEBUG|IdentityServer4.Hosting.CorsPolicyProvider|CORS request made for path: /api/link-GC_VAN_DE_CAN_GIAI_QUYET/ from origin: http://localhost:8087 but was ignored because path was not for an allowed IdentityServer CORS endpoint |url: http://localhost/api/link-GC_VAN_DE_CAN_GIAI_QUYET/|action: Get
2023-04-14 12:33:30.0446|20102|ERROR|Microsoft.EntityFrameworkCore.Database.Command|Failed executing DbCommand (35ms) [Parameters=[@__search_0='?' (Size = 200)], CommandType='Text', CommandTimeout='30']
SELECT COUNT(*)
FROM [GC_VAN_DE_CAN_GIAI_QUYET] AS [g]
WHERE (((@__search_0 LIKE N'') OR (CHARINDEX(@__search_0, LOWER([g].[ten_van_de])) > 0)) OR ((@__search_0 LIKE N'') OR (CHARINDEX(@__search_0, LOWER([g].[noi_dung])) > 0))) OR ((@__search_0 LIKE N'') OR (CHARINDEX(@__search_0, LOWER([g].[huong_giai_quyet])) > 0)) |url: http://localhost/api/link-GC_VAN_DE_CAN_GIAI_QUYET/|action: Get
2023-04-14 12:33:30.0530|10100|ERROR|Microsoft.EntityFrameworkCore.Query|An exception occurred while iterating over the results of a query for context type 'App.Data.APPContext'.
Microsoft.Data.SqlClient.SqlException (0x80131904): Argument data type ntext is invalid for argument 1 of lower function.
   at Microsoft.Data.SqlClient.SqlConnection.OnError(SqlException exception, Boolean breakConnection, Action`1 wrapCloseInAction)
   at Microsoft.Data.SqlClient.TdsParser.ThrowExceptionAndWarning(TdsParserStateObject stateObj, Boolean callerHasConnectionLock, Boolean asyncClose)
   at Microsoft.Data.SqlClient.TdsParser.TryRun(RunBehavior runBehavior, SqlCommand cmdHandler, SqlDataReader dataStream, BulkCopySimpleResultSet bulkCopyHandler, TdsParserStateObject stateObj, Boolean& dataReady)
   at Microsoft.Data.SqlClient.SqlDataReader.TryConsumeMetaData()
   at Microsoft.Data.SqlClient.SqlDataReader.get_MetaData()
   at Microsoft.Data.SqlClient.SqlCommand.FinishExecuteReader(SqlDataReader ds, RunBehavior runBehavior, String resetOptionsString, Boolean isInternal, Boolean forDescribeParameterEncryption, Boolean shouldCacheForAlwaysEncrypted)
   at Microsoft.Data.SqlClient.SqlCommand.RunExecuteReaderTds(CommandBehavior cmdBehavior, RunBehavior runBehavior, Boolean returnStream, Boolean isAsync, Int32 timeout, Task& task, Boolean asyncWrite, Boolean inRetry, SqlDataReader ds, Boolean describeParameterEncryptionRequest)
   at Microsoft.Data.SqlClient.SqlCommand.RunExecuteReader(CommandBehavior cmdBehavior, RunBehavior runBehavior, Boolean returnStream, TaskCompletionSource`1 completion, Int32 timeout, Task& task, Boolean& usedCache, Boolean asyncWrite, Boolean inRetry, String method)
   at Microsoft.Data.SqlClient.SqlCommand.ExecuteReader(CommandBehavior behavior)
   at Microsoft.EntityFrameworkCore.Storage.RelationalCommand.ExecuteReader(RelationalCommandParameterObject parameterObject)
   at Microsoft.EntityFrameworkCore.Query.Internal.SingleQueryingEnumerable`1.Enumerator.InitializeReader(DbContext _, Boolean result)
   at Microsoft.EntityFrameworkCore.SqlServer.Storage.Internal.SqlServerExecutionStrategy.Execute[TState,TResult](TState state, Func`3 operation, Func`3 verifySucceeded)
   at Microsoft.EntityFrameworkCore.Query.Internal.SingleQueryingEnumerable`1.Enumerator.MoveNext()
ClientConnectionId:1dc05d6f-430f-40b5-a386-4ea99e037257
Error Number:8116,State:1,Class:16 Microsoft.Data.SqlClient.SqlException (0x80131904): Argument data type ntext is invalid for argument 1 of lower function.
   at Microsoft.Data.SqlClient.SqlConnection.OnError(SqlException exception, Boolean breakConnection, Action`1 wrapCloseInAction)
   at Microsoft.Data.SqlClient.TdsParser.ThrowExceptionAndWarning(TdsParserStateObject stateObj, Boolean callerHasConnectionLock, Boolean asyncClose)
   at Microsoft.Data.SqlClient.TdsParser.TryRun(RunBehavior runBehavior, SqlCommand cmdHandler, SqlDataReader dataStream, BulkCopySimpleResultSet bulkCopyHandler, TdsParserStateObject stateObj, Boolean& dataReady)
   at Microsoft.Data.SqlClient.SqlDataReader.TryConsumeMetaData()
   at Microsoft.Data.SqlClient.SqlDataReader.get_MetaData()
   at Microsoft.Data.SqlClient.SqlCommand.FinishExecuteReader(SqlDataReader ds, RunBehavior runBehavior, String resetOptionsString, Boolean isInternal, Boolean forDescribeParameterEncryption, Boolean shouldCacheForAlwaysEncrypted)
   at Microsoft.Data.SqlClient.SqlCommand.RunExecuteReaderTds(CommandBehavior cmdBehavior, RunBehavior runBehavior, Boolean returnStream, Boolean isAsync, Int32 timeout, Task& task, Boolean asyncWrite, Boolean inRetry, SqlDataReader ds, Boolean describeParameterEncryptionRequest)
   at Microsoft.Data.SqlClient.SqlCommand.RunExecuteReader(CommandBehavior cmdBehavior, RunBehavior runBehavior, Boolean returnStream, TaskCompletionSource`1 completion, Int32 timeout, Task& task, Boolean& usedCache, Boolean asyncWrite, Boolean inRetry, String method)
   at Microsoft.Data.SqlClient.SqlCommand.ExecuteReader(CommandBehavior behavior)
   at Microsoft.EntityFrameworkCore.Storage.RelationalCommand.ExecuteReader(RelationalCommandParameterObject parameterObject)
   at Microsoft.EntityFrameworkCore.Query.Internal.SingleQueryingEnumerable`1.Enumerator.InitializeReader(DbContext _, Boolean result)
   at Microsoft.EntityFrameworkCore.SqlServer.Storage.Internal.SqlServerExecutionStrategy.Execute[TState,TResult](TState state, Func`3 operation, Func`3 verifySucceeded)
   at Microsoft.EntityFrameworkCore.Query.Internal.SingleQueryingEnumerable`1.Enumerator.MoveNext()
ClientConnectionId:1dc05d6f-430f-40b5-a386-4ea99e037257
Error Number:8116,State:1,Class:16|url: http://localhost/api/link-GC_VAN_DE_CAN_GIAI_QUYET/|action: Get
2023-04-14 13:14:32.1468||DEBUG|App.Api.Program|init main |url: |action: 
2023-04-14 13:14:46.2875||INFO|IdentityServer4.Startup|Starting IdentityServer4 version 4.1.1+cebd52f5bc61bdefc262fd20739d4d087c6f961f |url: |action: 
2023-04-14 13:14:46.3362||INFO|IdentityServer4.Startup|Using the default authentication scheme oidc for IdentityServer |url: |action: 
2023-04-14 13:14:46.3362||DEBUG|IdentityServer4.Startup|Using oidc as default ASP.NET Core scheme for authentication |url: |action: 
2023-04-14 13:14:46.3362||DEBUG|IdentityServer4.Startup|Using oidc as default ASP.NET Core scheme for sign-in |url: |action: 
2023-04-14 13:14:46.3362||DEBUG|IdentityServer4.Startup|Using oidc as default ASP.NET Core scheme for sign-out |url: |action: 
2023-04-14 13:14:46.3362||DEBUG|IdentityServer4.Startup|Using oidc as default ASP.NET Core scheme for challenge |url: |action: 
2023-04-14 13:14:46.3362||DEBUG|IdentityServer4.Startup|Using oidc as default ASP.NET Core scheme for forbid |url: |action: 
2023-04-14 13:14:49.5509||DEBUG|IdentityServer4.Startup|Login Url: /Account/Login |url: https://localhost/|action: Index
2023-04-14 13:14:49.5579||DEBUG|IdentityServer4.Startup|Login Return Url Parameter: ReturnUrl |url: https://localhost/|action: Index
2023-04-14 13:14:49.5579||DEBUG|IdentityServer4.Startup|Logout Url: /Account/Logout |url: https://localhost/|action: Index
2023-04-14 13:14:49.5579||DEBUG|IdentityServer4.Startup|ConsentUrl Url: /consent |url: https://localhost/|action: Index
2023-04-14 13:14:49.5579||DEBUG|IdentityServer4.Startup|Consent Return Url Parameter: returnUrl |url: https://localhost/|action: Index
2023-04-14 13:14:49.5579||DEBUG|IdentityServer4.Startup|Error Url: /home/error |url: https://localhost/|action: Index
2023-04-14 13:14:49.5579||DEBUG|IdentityServer4.Startup|Error Id Parameter: errorId |url: https://localhost/|action: Index
2023-04-14 13:27:05.8665||DEBUG|IdentityServer4.Hosting.CorsPolicyProvider|CORS request made for path: /api/link-GC_LICH_HANG_NGAY/ from origin: http://localhost:8087 but was ignored because path was not for an allowed IdentityServer CORS endpoint |url: http://localhost/api/link-GC_LICH_HANG_NGAY/|action: Get
2023-04-14 13:27:10.6463||DEBUG|IdentityServer4.Hosting.CorsPolicyProvider|CORS request made for path: /api/link-GC_LICH_HANG_NGAY/ from origin: http://localhost:8087 but was ignored because path was not for an allowed IdentityServer CORS endpoint |url: http://localhost/api/link-GC_LICH_HANG_NGAY/|action: Get
2023-04-14 13:27:18.0089||DEBUG|IdentityServer4.Hosting.CorsPolicyProvider|CORS request made for path: /api/link-GC_LICH_HANG_NGAY/ from origin: http://localhost:8087 but was ignored because path was not for an allowed IdentityServer CORS endpoint |url: http://localhost/api/link-GC_LICH_HANG_NGAY/|action: Get
2023-04-14 13:27:18.1792||DEBUG|IdentityServer4.Hosting.CorsPolicyProvider|CORS request made for path: /api/link-GC_LICH_HANG_NGAY/ from origin: http://localhost:8087 but was ignored because path was not for an allowed IdentityServer CORS endpoint |url: http://localhost/api/link-GC_LICH_HANG_NGAY/|action: Get
2023-04-14 13:27:20.8081||DEBUG|IdentityServer4.Hosting.CorsPolicyProvider|CORS request made for path: /api/link-GC_LICH_HANG_NGAY/ from origin: http://localhost:8087 but was ignored because path was not for an allowed IdentityServer CORS endpoint |url: http://localhost/api/link-GC_LICH_HANG_NGAY/|action: Get
2023-04-14 13:27:20.9900||DEBUG|IdentityServer4.Hosting.CorsPolicyProvider|CORS request made for path: /api/link-GC_LICH_HANG_NGAY/ from origin: http://localhost:8087 but was ignored because path was not for an allowed IdentityServer CORS endpoint |url: http://localhost/api/link-GC_LICH_HANG_NGAY/|action: Get
2023-04-14 13:27:41.5885||DEBUG|IdentityServer4.Hosting.CorsPolicyProvider|CORS request made for path: /api/link-GC_LICH_HANG_NGAY/ from origin: http://localhost:8087 but was ignored because path was not for an allowed IdentityServer CORS endpoint |url: http://localhost/api/link-GC_LICH_HANG_NGAY/|action: Get
2023-04-14 13:27:42.1627||DEBUG|IdentityServer4.Hosting.CorsPolicyProvider|CORS request made for path: /api/link-GC_LICH_HANG_NGAY/ from origin: http://localhost:8087 but was ignored because path was not for an allowed IdentityServer CORS endpoint |url: http://localhost/api/link-GC_LICH_HANG_NGAY/|action: Get
2023-04-14 13:27:45.6165||DEBUG|IdentityServer4.Hosting.CorsPolicyProvider|CORS request made for path: /api/link-GC_LICH_HANG_NGAY/ from origin: http://localhost:8087 but was ignored because path was not for an allowed IdentityServer CORS endpoint |url: http://localhost/api/link-GC_LICH_HANG_NGAY/|action: Get
2023-04-14 13:27:46.1462||DEBUG|IdentityServer4.Hosting.CorsPolicyProvider|CORS request made for path: /api/link-GC_LICH_HANG_NGAY/ from origin: http://localhost:8087 but was ignored because path was not for an allowed IdentityServer CORS endpoint |url: http://localhost/api/link-GC_LICH_HANG_NGAY/|action: Get
